Parameters read
34	16	100	4	20
Simulation started
Initialise 34 🐿️
Timer on 1 READY, simulation length: 20
CTRL on 18 READY

		    Timer report: month  1    
Land on rank  4, month  1 	influx: 117	infected:  8
Land on rank  5, month  1 	influx: 148	infected: 22
Land on rank  6, month  1 	influx: 122	infected:  7
Land on rank  9, month  1 	influx: 159	infected: 13
Land on rank 10, month  1 	influx: 156	infected: 23
Land on rank 13, month  1 	influx: 138	infected: 14
Land on rank 16, month  1 	influx: 142	infected: 13
Land on rank 15, month  1 	influx: 125	infected: 13
Land on rank  8, month  1 	influx: 147	infected: 14
Land on rank 12, month  1 	influx: 125	infected: 16
Land on rank  7, month  1 	influx: 135	infected: 15
Land on rank 11, month  1 	influx: 127	infected: 10
Land on rank 14, month  1 	influx: 115	infected: 13
Land on rank 17, month  1 	influx: 111	infected: 11
Land on rank  3, month  1 	influx: 130	infected: 14
Land on rank  2, month  1 	influx: 144	infected: 14

		    Timer report: month  2    
Land on rank  9, month  2 	influx: 279	infected: 16
Land on rank 10, month  2 	influx: 252	infected: 28
Land on rank 12, month  2 	influx: 231	infected: 21
Land on rank 13, month  2 	influx: 224	infected: 18
Land on rank 14, month  2 	influx: 227	infected: 14
Land on rank 15, month  2 	influx: 227	infected: 17
Land on rank  4, month  2 	influx: 220	infected: 11
Land on rank  7, month  2 	influx: 232	infected: 18
Land on rank 11, month  2 	influx: 223	infected: 11
Land on rank 17, month  2 	influx: 199	infected: 12
Land on rank  8, month  2 	influx: 246	infected: 17
Land on rank  6, month  2 	influx: 239	infected: 10
Land on rank  3, month  2 	influx: 218	infected: 17
Land on rank  2, month  2 	influx: 244	infected: 16
Land on rank  5, month  2 	influx: 250	infected: 25
Land on rank 16, month  2 	influx: 239	infected: 17

		    Timer report: month  3    
Land on rank  3, month  3 	influx: 347	infected: 27
Land on rank  5, month  3 	influx: 386	infected: 43
Land on rank 10, month  3 	influx: 384	infected: 42
Land on rank 15, month  3 	influx: 361	infected: 27
Land on rank 16, month  3 	influx: 373	infected: 33
Land on rank  4, month  3 	influx: 343	infected: 27
Land on rank 12, month  3 	influx: 341	infected: 33
Land on rank 13, month  3 	influx: 350	infected: 33
Land on rank  2, month  3 	influx: 384	infected: 35
Land on rank  7, month  3 	influx: 371	infected: 34
Land on rank 11, month  3 	influx: 339	infected: 19
Land on rank 14, month  3 	influx: 340	infected: 26
Land on rank 17, month  3 	influx: 335	infected: 28
Land on rank  6, month  3 	influx: 379	infected: 29
Land on rank  9, month  3 	influx: 385	infected: 27
Land on rank  8, month  3 	influx: 368	infected: 31

		    Timer report: month  4    
Land on rank  7, month  4 	influx: 338	infected: 28
Land on rank 11, month  4 	influx: 306	infected: 15
Land on rank  6, month  4 	influx: 366	infected: 31
Land on rank  9, month  4 	influx: 344	infected: 22
Land on rank  5, month  4 	influx: 340	infected: 29
Land on rank 12, month  4 	influx: 334	infected: 29
Land on rank 13, month  4 	influx: 308	infected: 31
Land on rank 17, month  4 	influx: 337	infected: 32
Land on rank  3, month  4 	influx: 314	infected: 20
Land on rank 14, month  4 	influx: 317	infected: 31
Land on rank  8, month  4 	influx: 339	infected: 29
Land on rank 15, month  4 	influx: 347	infected: 22
Land on rank  2, month  4 	influx: 344	infected: 35
Land on rank 10, month  4 	influx: 318	infected: 31
Land on rank 16, month  4 	influx: 338	infected: 29
Land on rank  4, month  4 	influx: 350	infected: 31

		    Timer report: month  5    
Land on rank  3, month  5 	influx: 320	infected: 39
Land on rank  5, month  5 	influx: 355	infected: 51
Land on rank  8, month  5 	influx: 331	infected: 46
Land on rank 10, month  5 	influx: 320	infected: 43
Land on rank 12, month  5 	influx: 331	infected: 38
Land on rank 15, month  5 	influx: 344	infected: 33
Land on rank 16, month  5 	influx: 354	infected: 44
Land on rank 13, month  5 	influx: 306	infected: 44
Land on rank 14, month  5 	influx: 307	infected: 44
Land on rank  7, month  5 	influx: 341	infected: 43
Land on rank  2, month  5 	influx: 343	infected: 53
Land on rank  6, month  5 	influx: 330	infected: 41
Land on rank  4, month  5 	influx: 328	infected: 38
Land on rank  9, month  5 	influx: 327	infected: 37
Land on rank 17, month  5 	influx: 369	infected: 53
Land on rank 11, month  5 	influx: 313	infected: 32

		    Timer report: month  6    
Land on rank  4, month  6 	influx: 341	infected: 62
Land on rank  5, month  6 	influx: 352	infected: 70
Land on rank  6, month  6 	influx: 299	infected: 49
Land on rank  8, month  6 	influx: 318	infected: 65
Land on rank 12, month  6 	influx: 335	infected: 70
Land on rank 16, month  6 	influx: 354	infected: 75
Land on rank 11, month  6 	influx: 323	infected: 57
Land on rank 13, month  6 	influx: 289	infected: 68
Land on rank  2, month  6 	influx: 341	infected: 80
Land on rank  7, month  6 	influx: 333	infected: 73
Land on rank  3, month  6 	influx: 330	infected: 82
Land on rank 15, month  6 	influx: 348	infected: 65
Land on rank 14, month  6 	influx: 345	infected: 66
Land on rank 10, month  6 	influx: 313	infected: 73
Land on rank  9, month  6 	influx: 360	infected: 67
Land on rank 17, month  6 	influx: 344	infected: 78

		    Timer report: month  7    
Land on rank  4, month  7 	influx: 310	infected: 98
Land on rank  5, month  7 	influx: 345	infected: 112
Land on rank  6, month  7 	influx: 315	infected: 108
Land on rank  7, month  7 	influx: 328	infected: 121
Land on rank  9, month  7 	influx: 346	infected: 98
Land on rank 11, month  7 	influx: 361	infected: 131
Land on rank 12, month  7 	influx: 319	infected: 105
Land on rank 13, month  7 	influx: 295	infected: 111
Land on rank 15, month  7 	influx: 342	infected: 118
Land on rank  2, month  7 	influx: 335	infected: 111
Land on rank  3, month  7 	influx: 346	infected: 134
Land on rank 10, month  7 	influx: 324	infected: 115
Land on rank 14, month  7 	influx: 374	infected: 103
Land on rank 17, month  7 	influx: 325	infected: 111
Land on rank  8, month  7 	influx: 313	infected: 114
Land on rank 16, month  7 	influx: 345	infected: 120

		    Timer report: month  8    
Land on rank  2, month  8 	influx: 301	infected: 145
Land on rank  3, month  8 	influx: 305	infected: 152
Land on rank 14, month  8 	influx: 327	infected: 127
Land on rank 17, month  8 	influx: 264	infected: 129
Land on rank 12, month  8 	influx: 273	infected: 136
Land on rank  4, month  8 	influx: 274	infected: 127
Land on rank  6, month  8 	influx: 295	infected: 141
Land on rank 13, month  8 	influx: 278	infected: 153
Land on rank 11, month  8 	influx: 321	infected: 167
Land on rank 16, month  8 	influx: 304	infected: 156
Land on rank  8, month  8 	influx: 280	infected: 141
Land on rank  7, month  8 	influx: 283	infected: 147
Land on rank  5, month  8 	influx: 292	infected: 142
Land on rank  9, month  8 	influx: 291	infected: 121
Land on rank 15, month  8 	influx: 304	infected: 153
Land on rank 10, month  8 	influx: 276	infected: 136

		    Timer report: month  9    
Land on rank  3, month  9 	influx: 191	infected: 124
Land on rank 10, month  9 	influx: 169	infected: 108
Land on rank 11, month  9 	influx: 212	infected: 150
Land on rank 15, month  9 	influx: 180	infected: 125
Land on rank  8, month  9 	influx: 186	infected: 121
Land on rank 16, month  9 	influx: 187	infected: 125
Land on rank 17, month  9 	influx: 171	infected: 104
Land on rank 12, month  9 	influx: 184	infected: 115
Land on rank  9, month  9 	influx: 167	infected: 93
Land on rank  4, month  9 	influx: 163	infected: 108
Land on rank  5, month  9 	influx: 168	infected: 113
Land on rank  6, month  9 	influx: 198	infected: 126
Land on rank  2, month  9 	influx: 176	infected: 111
Land on rank 13, month  9 	influx: 195	infected: 139
Land on rank 14, month  9 	influx: 193	infected: 108
Land on rank  7, month  9 	influx: 161	infected: 109

		    Timer report: month 10    
Land on rank  5, month 10 	influx: 75	infected: 65
Land on rank  6, month 10 	influx: 77	infected: 62
Land on rank 10, month 10 	influx: 70	infected: 56
Land on rank 13, month 10 	influx: 93	infected: 84
Land on rank 14, month 10 	influx: 73	infected: 54
Land on rank 17, month 10 	influx: 81	infected: 60
Land on rank  2, month 10 	influx: 81	infected: 69
Land on rank  8, month 10 	influx: 76	infected: 63
Land on rank  7, month 10 	influx: 65	infected: 53
Land on rank  3, month 10 	influx: 79	infected: 66
Land on rank 12, month 10 	influx: 83	infected: 69
Land on rank 16, month 10 	influx: 90	infected: 72
Land on rank  9, month 10 	influx: 64	infected: 55
Land on rank 11, month 10 	influx: 82	infected: 72
Land on rank 15, month 10 	influx: 76	infected: 65
Land on rank  4, month 10 	influx: 74	infected: 64

		    Timer report: month 11    
Land on rank  9, month 11 	influx: 16	infected: 14
Land on rank 11, month 11 	influx: 19	infected: 18
Land on rank 13, month 11 	influx: 26	infected: 25
Land on rank 14, month 11 	influx: 18	infected: 16
Land on rank  4, month 11 	influx: 29	infected: 25
Land on rank  7, month 11 	influx: 10	infected:  9
Land on rank 17, month 11 	influx: 22	infected: 20
Land on rank 12, month 11 	influx: 26	infected: 24
Land on rank  2, month 11 	influx: 16	infected: 15
Land on rank  5, month 11 	influx: 11	infected: 10
Land on rank  6, month 11 	influx: 16	infected: 16
Land on rank  8, month 11 	influx: 18	infected: 16
Land on rank 15, month 11 	influx: 15	infected: 15
Land on rank  3, month 11 	influx: 26	infected: 26
Land on rank 16, month 11 	influx: 18	infected: 17
Land on rank 10, month 11 	influx: 20	infected: 18

		    Timer report: month 12    
Land on rank  5, month 12 	influx:  2	infected:  2
Land on rank  8, month 12 	influx:  3	infected:  3
Land on rank  9, month 12 	influx:  1	infected:  1
Land on rank 10, month 12 	influx:  2	infected:  2
Land on rank 13, month 12 	influx:  0	infected:  0
Land on rank 17, month 12 	influx:  4	infected:  4
Land on rank  2, month 12 	influx:  3	infected:  3
Land on rank  3, month 12 	influx:  1	infected:  1
Land on rank 15, month 12 	influx:  1	infected:  1
Land on rank  6, month 12 	influx:  4	infected:  4
Land on rank 12, month 12 	influx:  1	infected:  1
Land on rank 14, month 12 	influx:  1	infected:  1
Land on rank  4, month 12 	influx:  4	infected:  4
Land on rank  7, month 12 	influx:  1	infected:  1
Land on rank 11, month 12 	influx:  2	infected:  2
Land on rank 16, month 12 	influx:  1	infected:  1

		    Timer report: month 13    
Land on rank  6, month 13 	influx:  0	infected:  0
Land on rank  9, month 13 	influx:  0	infected:  0
Land on rank 15, month 13 	influx:  0	infected:  0
Land on rank 17, month 13 	influx:  0	infected:  0
Land on rank  7, month 13 	influx:  0	infected:  0
Land on rank 11, month 13 	influx:  0	infected:  0
Land on rank 13, month 13 	influx:  0	infected:  0
Land on rank  4, month 13 	influx:  0	infected:  0
Land on rank 14, month 13 	influx:  0	infected:  0
Land on rank  2, month 13 	influx:  0	infected:  0
Land on rank  5, month 13 	influx:  0	infected:  0
Land on rank 10, month 13 	influx:  0	infected:  0
Land on rank 12, month 13 	influx:  0	infected:  0
Land on rank  8, month 13 	influx:  0	infected:  0
Land on rank  3, month 13 	influx:  0	infected:  0
Land on rank 16, month 13 	influx:  0	infected:  0

		    Timer report: month 14    
Land on rank  3, month 14 	influx:  0	infected:  0
Land on rank  8, month 14 	influx:  0	infected:  0
Land on rank  9, month 14 	influx:  0	infected:  0
Land on rank 17, month 14 	influx:  0	infected:  0
Land on rank  6, month 14 	influx:  0	infected:  0
Land on rank  7, month 14 	influx:  0	infected:  0
Land on rank  2, month 14 	influx:  0	infected:  0
Land on rank 13, month 14 	influx:  0	infected:  0
Land on rank 10, month 14 	influx:  0	infected:  0
Land on rank  4, month 14 	influx:  0	infected:  0
Land on rank  5, month 14 	influx:  0	infected:  0
Land on rank 11, month 14 	influx:  0	infected:  0
Land on rank 15, month 14 	influx:  0	infected:  0
Land on rank 14, month 14 	influx:  0	infected:  0
Land on rank 12, month 14 	influx:  0	infected:  0
Land on rank 16, month 14 	influx:  0	infected:  0

		    Timer report: month 15    
Land on rank 10, month 15 	influx:  0	infected:  0
Land on rank 12, month 15 	influx:  0	infected:  0
Land on rank 13, month 15 	influx:  0	infected:  0
Land on rank 15, month 15 	influx:  0	infected:  0
Land on rank 16, month 15 	influx:  0	infected:  0
Land on rank  5, month 15 	influx:  0	infected:  0
Land on rank  2, month 15 	influx:  0	infected:  0
Land on rank  3, month 15 	influx:  0	infected:  0
Land on rank  7, month 15 	influx:  0	infected:  0
Land on rank 14, month 15 	influx:  0	infected:  0
Land on rank  6, month 15 	influx:  0	infected:  0
Land on rank 11, month 15 	influx:  0	infected:  0
Land on rank  9, month 15 	influx:  0	infected:  0
Land on rank  4, month 15 	influx:  0	infected:  0
Land on rank 17, month 15 	influx:  0	infected:  0
Land on rank  8, month 15 	influx:  0	infected:  0

		    Timer report: month 16    
Land on rank  3, month 16 	influx:  0	infected:  0
Land on rank 10, month 16 	influx:  0	infected:  0
Land on rank 11, month 16 	influx:  0	infected:  0
Land on rank 12, month 16 	influx:  0	infected:  0
Land on rank 13, month 16 	influx:  0	infected:  0
Land on rank 15, month 16 	influx:  0	infected:  0
Land on rank 16, month 16 	influx:  0	infected:  0
Land on rank 17, month 16 	influx:  0	infected:  0
Land on rank  8, month 16 	influx:  0	infected:  0
Land on rank  2, month 16 	influx:  0	infected:  0
Land on rank  5, month 16 	influx:  0	infected:  0
Land on rank  6, month 16 	influx:  0	infected:  0
Land on rank  9, month 16 	influx:  0	infected:  0
Land on rank  4, month 16 	influx:  0	infected:  0
Land on rank 14, month 16 	influx:  0	infected:  0
Land on rank  7, month 16 	influx:  0	infected:  0

		    Timer report: month 17    
Land on rank  6, month 17 	influx:  0	infected:  0
Land on rank  7, month 17 	influx:  0	infected:  0
Land on rank  9, month 17 	influx:  0	infected:  0
Land on rank 12, month 17 	influx:  0	infected:  0
Land on rank 15, month 17 	influx:  0	infected:  0
Land on rank 16, month 17 	influx:  0	infected:  0
Land on rank 11, month 17 	influx:  0	infected:  0
Land on rank  3, month 17 	influx:  0	infected:  0
Land on rank 14, month 17 	influx:  0	infected:  0
Land on rank  5, month 17 	influx:  0	infected:  0
Land on rank 13, month 17 	influx:  0	infected:  0
Land on rank  4, month 17 	influx:  0	infected:  0
Land on rank 17, month 17 	influx:  0	infected:  0
Land on rank  2, month 17 	influx:  0	infected:  0
Land on rank 10, month 17 	influx:  0	infected:  0
Land on rank  8, month 17 	influx:  0	infected:  0

		    Timer report: month 18    
Land on rank  3, month 18 	influx:  0	infected:  0
Land on rank 14, month 18 	influx:  0	infected:  0
Land on rank 12, month 18 	influx:  0	infected:  0
Land on rank  6, month 18 	influx:  0	infected:  0
Land on rank  9, month 18 	influx:  0	infected:  0
Land on rank 11, month 18 	influx:  0	infected:  0
Land on rank  5, month 18 	influx:  0	infected:  0
Land on rank 10, month 18 	influx:  0	infected:  0
Land on rank  7, month 18 	influx:  0	infected:  0
Land on rank 17, month 18 	influx:  0	infected:  0
Land on rank  2, month 18 	influx:  0	infected:  0
Land on rank  8, month 18 	influx:  0	infected:  0
Land on rank 15, month 18 	influx:  0	infected:  0
Land on rank  4, month 18 	influx:  0	infected:  0
Land on rank 16, month 18 	influx:  0	infected:  0
Land on rank 13, month 18 	influx:  0	infected:  0

		    Timer report: month 19    
Land on rank  2, month 19 	influx:  0	infected:  0
Land on rank  8, month 19 	influx:  0	infected:  0
Land on rank 15, month 19 	influx:  0	infected:  0
Land on rank 13, month 19 	influx:  0	infected:  0
Land on rank  3, month 19 	influx:  0	infected:  0
Land on rank 14, month 19 	influx:  0	infected:  0
Land on rank  7, month 19 	influx:  0	infected:  0
Land on rank 12, month 19 	influx:  0	infected:  0
Land on rank 16, month 19 	influx:  0	infected:  0
Land on rank 10, month 19 	influx:  0	infected:  0
Land on rank  9, month 19 	influx:  0	infected:  0
Land on rank 17, month 19 	influx:  0	infected:  0
Land on rank  5, month 19 	influx:  0	infected:  0
Land on rank 11, month 19 	influx:  0	infected:  0
Land on rank  4, month 19 	influx:  0	infected:  0
Land on rank  6, month 19 	influx:  0	infected:  0

		    Timer report: month 20    
Land on rank  6, month 20 	influx:  0	infected:  0
Land on rank 12, month 20 	influx:  0	infected:  0
Land on rank 14, month 20 	influx:  0	infected:  0
Land on rank 16, month 20 	influx:  0	infected:  0
Land on rank  4, month 20 	influx:  0	infected:  0
Land on rank 13, month 20 	influx:  0	infected:  0
Land on rank 17, month 20 	influx:  0	infected:  0
Land on rank  7, month 20 	influx:  0	infected:  0
Land on rank  8, month 20 	influx:  0	infected:  0
Land on rank  2, month 20 	influx:  0	infected:  0
Land on rank  5, month 20 	influx:  0	infected:  0
Land on rank  3, month 20 	influx:  0	infected:  0
Land on rank 10, month 20 	influx:  0	infected:  0
Land on rank 15, month 20 	influx:  0	infected:  0
Land on rank  9, month 20 	influx:  0	infected:  0
Land on rank 11, month 20 	influx:  0	infected:  0
	FINISHED: Simulation Stoped. Population: 0
Parameters read
34	16	100	4	20
Simulation started
Initialise 34 🐿️
Timer on 1 READY, simulation length: 20
CTRL on 18 READY

		    Timer report: month  1    
Land on rank  3, month  1 	influx: 114	infected: 11
Land on rank  4, month  1 	influx: 86	infected:  6
Land on rank  6, month  1 	influx: 95	infected:  4
Land on rank  7, month  1 	influx: 105	infected: 12
Land on rank  8, month  1 	influx: 119	infected: 11
Land on rank 13, month  1 	influx: 109	infected: 12
Land on rank 14, month  1 	influx: 95	infected: 10
Land on rank 16, month  1 	influx: 114	infected: 10
Land on rank  2, month  1 	influx: 110	infected: 10
Land on rank 12, month  1 	influx: 94	infected: 12
Land on rank 17, month  1 	influx: 84	infected:  9
Land on rank  5, month  1 	influx: 112	infected: 19
Land on rank 11, month  1 	influx: 100	infected:  8
Land on rank 15, month  1 	influx: 106	infected: 10
Land on rank  9, month  1 	influx: 127	infected: 10
Land on rank 10, month  1 	influx: 126	infected: 17

		    Timer report: month  2    
Land on rank  8, month  2 	influx: 245	infected: 16
Land on rank 10, month  2 	influx: 244	infected: 28
Land on rank 11, month  2 	influx: 221	infected: 13
Land on rank 15, month  2 	influx: 222	infected: 21
Land on rank 16, month  2 	influx: 238	infected: 17
Land on rank  2, month  2 	influx: 233	infected: 16
Land on rank  3, month  2 	influx: 213	infected: 18
Land on rank  4, month  2 	influx: 214	infected: 13
Land on rank 12, month  2 	influx: 221	infected: 20
Land on rank 13, month  2 	influx: 221	infected: 21
Land on rank 14, month  2 	influx: 210	infected: 16
Land on rank  6, month  2 	influx: 216	infected:  9
Land on rank  5, month  2 	influx: 242	infected: 25
Land on rank  9, month  2 	influx: 268	infected: 17
Land on rank  7, month  2 	influx: 238	infected: 25
Land on rank 17, month  2 	influx: 207	infected: 15

		    Timer report: month  3    
Land on rank  2, month  3 	influx: 355	infected: 36
Land on rank  4, month  3 	influx: 343	infected: 27
Land on rank  6, month  3 	influx: 331	infected: 20
Land on rank 10, month  3 	influx: 363	infected: 47
Land on rank 11, month  3 	influx: 326	infected: 23
Land on rank 12, month  3 	influx: 334	infected: 38
Land on rank 15, month  3 	influx: 361	infected: 35
Land on rank 16, month  3 	influx: 350	infected: 32
Land on rank 17, month  3 	influx: 326	infected: 31
Land on rank  7, month  3 	influx: 351	infected: 42
Land on rank 14, month  3 	influx: 306	infected: 29
Land on rank  5, month  3 	influx: 367	infected: 36
Land on rank  8, month  3 	influx: 369	infected: 34
Land on rank  9, month  3 	influx: 370	infected: 25
Land on rank  3, month  3 	influx: 333	infected: 29
Land on rank 13, month  3 	influx: 335	infected: 32

		    Timer report: month  4    
Land on rank  2, month  4 	influx: 373	infected: 51
Land on rank  3, month  4 	influx: 351	infected: 37
Land on rank  4, month  4 	influx: 377	infected: 38
Land on rank  5, month  4 	influx: 370	infected: 37
Land on rank  8, month  4 	influx: 365	infected: 42
Land on rank 12, month  4 	influx: 351	infected: 41
Land on rank 17, month  4 	influx: 373	infected: 45
Land on rank  9, month  4 	influx: 367	infected: 26
Land on rank 15, month  4 	influx: 363	infected: 38
Land on rank  7, month  4 	influx: 378	infected: 51
Land on rank 14, month  4 	influx: 332	infected: 44
Land on rank 10, month  4 	influx: 338	infected: 38
Land on rank 11, month  4 	influx: 337	infected: 23
Land on rank 13, month  4 	influx: 341	infected: 41
Land on rank 16, month  4 	influx: 377	infected: 41
Land on rank  6, month  4 	influx: 353	infected: 30

		    Timer report: month  5    
Land on rank  7, month  5 	influx: 362	infected: 66
Land on rank  8, month  5 	influx: 349	infected: 70
Land on rank 17, month  5 	influx: 353	infected: 70
Land on rank 15, month  5 	influx: 355	infected: 54
Land on rank 11, month  5 	influx: 330	infected: 44
Land on rank 16, month  5 	influx: 359	infected: 62
Land on rank 10, month  5 	influx: 342	infected: 66
Land on rank  4, month  5 	influx: 364	infected: 51
Land on rank 12, month  5 	influx: 348	infected: 68
Land on rank  6, month  5 	influx: 355	infected: 53
Land on rank  3, month  5 	influx: 357	infected: 53
Land on rank 13, month  5 	influx: 343	infected: 65
Land on rank  5, month  5 	influx: 376	infected: 61
Land on rank  2, month  5 	influx: 374	infected: 75
Land on rank 14, month  5 	influx: 368	infected: 76
Land on rank  9, month  5 	influx: 360	infected: 53

		    Timer report: month  6    
Land on rank  4, month  6 	influx: 347	infected: 74
Land on rank  5, month  6 	influx: 368	infected: 87
Land on rank 11, month  6 	influx: 362	infected: 81
Land on rank 12, month  6 	influx: 345	infected: 85
Land on rank 15, month  6 	influx: 352	infected: 92
Land on rank 17, month  6 	influx: 335	infected: 83
Land on rank  3, month  6 	influx: 364	infected: 91
Land on rank  2, month  6 	influx: 364	infected: 93
Land on rank  8, month  6 	influx: 341	infected: 94
Land on rank 13, month  6 	influx: 342	infected: 84
Land on rank 16, month  6 	influx: 374	infected: 96
Land on rank 10, month  6 	influx: 328	infected: 92
Land on rank  7, month  6 	influx: 362	infected: 84
Land on rank 14, month  6 	influx: 385	infected: 96
Land on rank  6, month  6 	influx: 353	infected: 86
Land on rank  9, month  6 	influx: 379	infected: 67

		    Timer report: month  7    
Land on rank  2, month  7 	influx: 338	infected: 137
Land on rank  3, month  7 	influx: 332	infected: 132
Land on rank  6, month  7 	influx: 330	infected: 137
Land on rank  8, month  7 	influx: 316	infected: 142
Land on rank 13, month  7 	influx: 333	infected: 139
Land on rank 15, month  7 	influx: 344	infected: 149
Land on rank 10, month  7 	influx: 338	infected: 161
Land on rank  7, month  7 	influx: 326	infected: 138
Land on rank  9, month  7 	influx: 350	infected: 111
Land on rank 16, month  7 	influx: 346	infected: 148
Land on rank 17, month  7 	influx: 278	infected: 103
Land on rank 14, month  7 	influx: 365	infected: 136
Land on rank  5, month  7 	influx: 350	infected: 138
Land on rank  4, month  7 	influx: 300	infected: 108
Land on rank 11, month  7 	influx: 362	infected: 159
Land on rank 12, month  7 	influx: 330	infected: 141

		    Timer report: month  8    
Land on rank  2, month  8 	influx: 261	infected: 144
Land on rank  4, month  8 	influx: 220	infected: 118
Land on rank  5, month  8 	influx: 251	infected: 139
Land on rank  6, month  8 	influx: 235	infected: 134
Land on rank  9, month  8 	influx: 239	infected: 95
Land on rank 15, month  8 	influx: 265	infected: 142
Land on rank 17, month  8 	influx: 208	infected: 104
Land on rank  7, month  8 	influx: 243	infected: 139
Land on rank  8, month  8 	influx: 229	infected: 129
Land on rank 11, month  8 	influx: 281	infected: 163
Land on rank 16, month  8 	influx: 267	infected: 143
Land on rank 10, month  8 	influx: 248	infected: 140
Land on rank 14, month  8 	influx: 245	infected: 126
Land on rank 13, month  8 	influx: 255	infected: 140
Land on rank 12, month  8 	influx: 240	infected: 133
Land on rank  3, month  8 	influx: 266	infected: 144

		    Timer report: month  9    
Land on rank  3, month  9 	influx: 148	infected: 100
Land on rank  5, month  9 	influx: 138	infected: 104
Land on rank  6, month  9 	influx: 128	infected: 94
Land on rank  7, month  9 	influx: 136	infected: 106
Land on rank 12, month  9 	influx: 136	infected: 102
Land on rank 15, month  9 	influx: 140	infected: 100
Land on rank 17, month  9 	influx: 114	infected: 81
Land on rank  2, month  9 	influx: 159	infected: 113
Land on rank 16, month  9 	influx: 143	infected: 97
Land on rank  9, month  9 	influx: 123	infected: 78
Land on rank 10, month  9 	influx: 152	infected: 101
Land on rank 14, month  9 	influx: 134	infected: 95
Land on rank 13, month  9 	influx: 144	infected: 110
Land on rank 11, month  9 	influx: 152	infected: 123
Land on rank  4, month  9 	influx: 114	infected: 87
Land on rank  8, month  9 	influx: 118	infected: 91

		    Timer report: month 10    
Land on rank  3, month 10 	influx: 51	infected: 43
Land on rank  5, month 10 	influx: 45	infected: 37
Land on rank  6, month 10 	influx: 38	infected: 33
Land on rank 14, month 10 	influx: 37	infected: 34
Land on rank 13, month 10 	influx: 42	infected: 38
Land on rank 15, month 10 	influx: 42	infected: 32
Land on rank 10, month 10 	influx: 45	infected: 28
Land on rank  8, month 10 	influx: 30	infected: 26
Land on rank 17, month 10 	influx: 44	infected: 42
Land on rank 16, month 10 	influx: 33	infected: 29
Land on rank  7, month 10 	influx: 41	infected: 32
Land on rank 12, month 10 	influx: 44	infected: 35
Land on rank  9, month 10 	influx: 33	infected: 28
Land on rank  4, month 10 	influx: 44	infected: 39
Land on rank  2, month 10 	influx: 59	infected: 46
Land on rank 11, month 10 	influx: 46	infected: 42

		    Timer report: month 11    
Land on rank  2, month 11 	influx: 15	infected: 12
Land on rank  7, month 11 	influx:  8	infected:  4
Land on rank  5, month 11 	influx:  9	infected:  7
Land on rank 13, month 11 	influx:  6	infected:  4
Land on rank 17, month 11 	influx: 11	infected: 10
Land on rank 10, month 11 	influx: 13	infected: 10
Land on rank 12, month 11 	influx: 11	infected:  9
Land on rank 14, month 11 	influx:  8	infected:  8
Land on rank 11, month 11 	influx: 14	infected: 13
Land on rank  3, month 11 	influx: 14	infected: 10
Land on rank  6, month 11 	influx: 10	infected:  8
Land on rank 15, month 11 	influx: 14	infected: 13
Land on rank  9, month 11 	influx: 10	infected: 10
Land on rank 16, month 11 	influx:  6	infected:  6
Land on rank  4, month 11 	influx: 10	infected: 10
Land on rank  8, month 11 	influx:  8	infected:  7

		    Timer report: month 12    
Land on rank  2, month 12 	influx:  5	infected:  5
Land on rank  6, month 12 	influx:  4	infected:  4
Land on rank  7, month 12 	influx:  2	infected:  2
Land on rank 17, month 12 	influx:  4	infected:  4
Land on rank  3, month 12 	influx:  5	infected:  5
Land on rank  8, month 12 	influx:  3	infected:  3
Land on rank 12, month 12 	influx:  5	infected:  5
Land on rank 10, month 12 	influx:  4	infected:  4
Land on rank 15, month 12 	influx:  3	infected:  3
Land on rank 16, month 12 	influx:  3	infected:  3
Land on rank 13, month 12 	influx:  4	infected:  4
Land on rank 14, month 12 	influx:  6	infected:  6
Land on rank  5, month 12 	influx:  5	infected:  5
Land on rank 11, month 12 	influx:  6	infected:  6
Land on rank  9, month 12 	influx:  5	infected:  5
Land on rank  4, month 12 	influx:  4	infected:  4

		    Timer report: month 13    
Land on rank  4, month 13 	influx:  1	infected:  1
Land on rank 12, month 13 	influx:  1	infected:  1
Land on rank 15, month 13 	influx:  1	infected:  1
Land on rank 16, month 13 	influx:  0	infected:  0
Land on rank  3, month 13 	influx:  2	infected:  2
Land on rank 13, month 13 	influx:  0	infected:  0
Land on rank 14, month 13 	influx:  2	infected:  2
Land on rank 10, month 13 	influx:  0	infected:  0
Land on rank  6, month 13 	influx:  0	infected:  0
Land on rank 17, month 13 	influx:  0	infected:  0
Land on rank  8, month 13 	influx:  1	infected:  1
Land on rank  5, month 13 	influx:  1	infected:  1
Land on rank  7, month 13 	influx:  1	infected:  1
Land on rank 11, month 13 	influx:  1	infected:  1
Land on rank  2, month 13 	influx:  3	infected:  3
Land on rank  9, month 13 	influx:  0	infected:  0

		    Timer report: month 14    
Land on rank  6, month 14 	influx:  0	infected:  0
Land on rank  9, month 14 	influx:  0	infected:  0
Land on rank 11, month 14 	influx:  0	infected:  0
Land on rank 12, month 14 	influx:  0	infected:  0
Land on rank 17, month 14 	influx:  0	infected:  0
Land on rank  5, month 14 	influx:  0	infected:  0
Land on rank  8, month 14 	influx:  0	infected:  0
Land on rank 14, month 14 	influx:  0	infected:  0
Land on rank  2, month 14 	influx:  0	infected:  0
Land on rank 16, month 14 	influx:  0	infected:  0
Land on rank 10, month 14 	influx:  0	infected:  0
Land on rank 13, month 14 	influx:  0	infected:  0
Land on rank  3, month 14 	influx:  0	infected:  0
Land on rank  7, month 14 	influx:  0	infected:  0
Land on rank  4, month 14 	influx:  0	infected:  0
Land on rank 15, month 14 	influx:  0	infected:  0

		    Timer report: month 15    
Land on rank  5, month 15 	influx:  0	infected:  0
Land on rank  7, month 15 	influx:  0	infected:  0
Land on rank 11, month 15 	influx:  0	infected:  0
Land on rank 16, month 15 	influx:  0	infected:  0
Land on rank  8, month 15 	influx:  0	infected:  0
Land on rank 15, month 15 	influx:  0	infected:  0
Land on rank 17, month 15 	influx:  0	infected:  0
Land on rank 12, month 15 	influx:  0	infected:  0
Land on rank  3, month 15 	influx:  0	infected:  0
Land on rank  6, month 15 	influx:  0	infected:  0
Land on rank 13, month 15 	influx:  0	infected:  0
Land on rank 14, month 15 	influx:  0	infected:  0
Land on rank 10, month 15 	influx:  0	infected:  0
Land on rank  9, month 15 	influx:  0	infected:  0
Land on rank  4, month 15 	influx:  0	infected:  0
Land on rank  2, month 15 	influx:  0	infected:  0

		    Timer report: month 16    
Land on rank  6, month 16 	influx:  0	infected:  0
Land on rank  7, month 16 	influx:  0	infected:  0
Land on rank  8, month 16 	influx:  0	infected:  0
Land on rank 10, month 16 	influx:  0	infected:  0
Land on rank 17, month 16 	influx:  0	infected:  0
Land on rank 13, month 16 	influx:  0	infected:  0
Land on rank 14, month 16 	influx:  0	infected:  0
Land on rank  9, month 16 	influx:  0	infected:  0
Land on rank 15, month 16 	influx:  0	infected:  0
Land on rank 16, month 16 	influx:  0	infected:  0
Land on rank  3, month 16 	influx:  0	infected:  0
Land on rank 12, month 16 	influx:  0	infected:  0
Land on rank 11, month 16 	influx:  0	infected:  0
Land on rank  4, month 16 	influx:  0	infected:  0
Land on rank  5, month 16 	influx:  0	infected:  0
Land on rank  2, month 16 	influx:  0	infected:  0

		    Timer report: month 17    
Land on rank  7, month 17 	influx:  0	infected:  0
Land on rank 10, month 17 	influx:  0	infected:  0
Land on rank 13, month 17 	influx:  0	infected:  0
Land on rank 14, month 17 	influx:  0	infected:  0
Land on rank  3, month 17 	influx:  0	infected:  0
Land on rank  4, month 17 	influx:  0	infected:  0
Land on rank 11, month 17 	influx:  0	infected:  0
Land on rank  2, month 17 	influx:  0	infected:  0
Land on rank  5, month 17 	influx:  0	infected:  0
Land on rank  6, month 17 	influx:  0	infected:  0
Land on rank 17, month 17 	influx:  0	infected:  0
Land on rank 12, month 17 	influx:  0	infected:  0
Land on rank 16, month 17 	influx:  0	infected:  0
Land on rank  8, month 17 	influx:  0	infected:  0
Land on rank  9, month 17 	influx:  0	infected:  0
Land on rank 15, month 17 	influx:  0	infected:  0

		    Timer report: month 18    
Land on rank  2, month 18 	influx:  0	infected:  0
Land on rank  7, month 18 	influx:  0	infected:  0
Land on rank  8, month 18 	influx:  0	infected:  0
Land on rank 12, month 18 	influx:  0	infected:  0
Land on rank 13, month 18 	influx:  0	infected:  0
Land on rank 15, month 18 	influx:  0	infected:  0
Land on rank 17, month 18 	influx:  0	infected:  0
Land on rank  3, month 18 	influx:  0	infected:  0
Land on rank  5, month 18 	influx:  0	infected:  0
Land on rank 10, month 18 	influx:  0	infected:  0
Land on rank 14, month 18 	influx:  0	infected:  0
Land on rank 16, month 18 	influx:  0	infected:  0
Land on rank  6, month 18 	influx:  0	infected:  0
Land on rank  4, month 18 	influx:  0	infected:  0
Land on rank  9, month 18 	influx:  0	infected:  0
Land on rank 11, month 18 	influx:  0	infected:  0

		    Timer report: month 19    
Land on rank  2, month 19 	influx:  0	infected:  0
Land on rank  6, month 19 	influx:  0	infected:  0
Land on rank  9, month 19 	influx:  0	infected:  0
Land on rank 14, month 19 	influx:  0	infected:  0
Land on rank  3, month 19 	influx:  0	infected:  0
Land on rank 15, month 19 	influx:  0	infected:  0
Land on rank 16, month 19 	influx:  0	infected:  0
Land on rank 13, month 19 	influx:  0	infected:  0
Land on rank 12, month 19 	influx:  0	infected:  0
Land on rank  4, month 19 	influx:  0	infected:  0
Land on rank  8, month 19 	influx:  0	infected:  0
Land on rank  7, month 19 	influx:  0	infected:  0
Land on rank 11, month 19 	influx:  0	infected:  0
Land on rank 17, month 19 	influx:  0	infected:  0
Land on rank  5, month 19 	influx:  0	infected:  0
Land on rank 10, month 19 	influx:  0	infected:  0

		    Timer report: month 20    
Land on rank  4, month 20 	influx:  0	infected:  0
Land on rank  7, month 20 	influx:  0	infected:  0
Land on rank 11, month 20 	influx:  0	infected:  0
Land on rank 13, month 20 	influx:  0	infected:  0
Land on rank 14, month 20 	influx:  0	infected:  0
Land on rank  3, month 20 	influx:  0	infected:  0
Land on rank 12, month 20 	influx:  0	infected:  0
Land on rank 10, month 20 	influx:  0	infected:  0
Land on rank  9, month 20 	influx:  0	infected:  0
Land on rank 16, month 20 	influx:  0	infected:  0
Land on rank  6, month 20 	influx:  0	infected:  0
Land on rank  5, month 20 	influx:  0	infected:  0
Land on rank 15, month 20 	influx:  0	infected:  0
Land on rank  2, month 20 	influx:  0	infected:  0
Land on rank 17, month 20 	influx:  0	infected:  0
Land on rank  8, month 20 	influx:  0	infected:  0
	FINISHED: Simulation Stoped. Population: 0
Parameters read
34	16	100	4	20
Simulation started
Initialise 34 🐿️
CTRL on 18 READY
Timer on 1 READY, simulation length: 20

		    Timer report: month  1    
Land on rank  4, month  1 	influx: 93	infected:  8
Land on rank  6, month  1 	influx: 89	infected:  5
Land on rank 10, month  1 	influx: 113	infected: 21
Land on rank  2, month  1 	influx: 110	infected: 13
Land on rank  9, month  1 	influx: 122	infected: 12
Land on rank 11, month  1 	influx: 95	infected: 10
Land on rank 14, month  1 	influx: 86	infected: 11
Land on rank  8, month  1 	influx: 112	infected: 13
Land on rank  3, month  1 	influx: 104	infected: 11
Land on rank 12, month  1 	influx: 89	infected: 15
Land on rank 15, month  1 	influx: 104	infected: 11
Land on rank  5, month  1 	influx: 112	infected: 20
Land on rank  7, month  1 	influx: 107	infected: 15
Land on rank 13, month  1 	influx: 104	infected: 14
Land on rank 17, month  1 	influx: 84	infected: 11
Land on rank 16, month  1 	influx: 103	infected: 12

		    Timer report: month  2    
Land on rank  6, month  2 	influx: 193	infected:  9
Land on rank  7, month  2 	influx: 203	infected: 22
Land on rank 15, month  2 	influx: 183	infected: 22
Land on rank 16, month  2 	influx: 210	infected: 23
Land on rank 17, month  2 	influx: 166	infected: 17
Land on rank  3, month  2 	influx: 172	infected: 18
Land on rank  8, month  2 	influx: 209	infected: 22
Land on rank  4, month  2 	influx: 181	infected: 17
Land on rank 13, month  2 	influx: 195	infected: 18
Land on rank  9, month  2 	influx: 241	infected: 21
Land on rank 11, month  2 	influx: 186	infected: 13
Land on rank 14, month  2 	influx: 170	infected: 21
Land on rank 12, month  2 	influx: 188	infected: 25
Land on rank  5, month  2 	influx: 201	infected: 25
Land on rank  2, month  2 	influx: 209	infected: 21
Land on rank 10, month  2 	influx: 212	infected: 29

		    Timer report: month  3    
Land on rank  2, month  3 	influx: 283	infected: 38
Land on rank  6, month  3 	influx: 272	infected: 25
Land on rank 11, month  3 	influx: 255	infected: 27
Land on rank 14, month  3 	influx: 255	infected: 28
Land on rank 15, month  3 	influx: 274	infected: 37
Land on rank 16, month  3 	influx: 299	infected: 35
Land on rank  8, month  3 	influx: 283	infected: 38
Land on rank  9, month  3 	influx: 330	infected: 33
Land on rank 17, month  3 	influx: 252	infected: 33
Land on rank  7, month  3 	influx: 280	infected: 37
Land on rank  4, month  3 	influx: 281	infected: 35
Land on rank 10, month  3 	influx: 302	infected: 43
Land on rank  3, month  3 	influx: 254	infected: 28
Land on rank 13, month  3 	influx: 265	infected: 40
Land on rank  5, month  3 	influx: 294	infected: 39
Land on rank 12, month  3 	influx: 263	infected: 36

		    Timer report: month  4    
Land on rank  2, month  4 	influx: 281	infected: 46
Land on rank  3, month  4 	influx: 253	infected: 33
Land on rank  6, month  4 	influx: 303	infected: 41
Land on rank 17, month  4 	influx: 275	infected: 48
Land on rank 15, month  4 	influx: 270	infected: 37
Land on rank 11, month  4 	influx: 253	infected: 28
Land on rank  9, month  4 	influx: 284	infected: 36
Land on rank  4, month  4 	influx: 292	infected: 44
Land on rank 13, month  4 	influx: 293	infected: 52
Land on rank 10, month  4 	influx: 279	infected: 38
Land on rank  5, month  4 	influx: 292	infected: 43
Land on rank 12, month  4 	influx: 280	infected: 43
Land on rank  8, month  4 	influx: 280	infected: 46
Land on rank 14, month  4 	influx: 273	infected: 43
Land on rank  7, month  4 	influx: 277	infected: 43
Land on rank 16, month  4 	influx: 301	infected: 36

		    Timer report: month  5    
Land on rank  2, month  5 	influx: 293	infected: 69
Land on rank  6, month  5 	influx: 314	infected: 70
Land on rank  9, month  5 	influx: 296	infected: 49
Land on rank 16, month  5 	influx: 297	infected: 51
Land on rank  4, month  5 	influx: 297	infected: 55
Land on rank  5, month  5 	influx: 320	infected: 71
Land on rank 13, month  5 	influx: 308	infected: 74
Land on rank 14, month  5 	influx: 313	infected: 65
Land on rank 15, month  5 	influx: 292	infected: 54
Land on rank  7, month  5 	influx: 286	infected: 54
Land on rank 12, month  5 	influx: 291	infected: 58
Land on rank 17, month  5 	influx: 294	infected: 65
Land on rank  3, month  5 	influx: 280	infected: 56
Land on rank 10, month  5 	influx: 293	infected: 63
Land on rank  8, month  5 	influx: 280	infected: 64
Land on rank 11, month  5 	influx: 259	infected: 47

		    Timer report: month  6    
Land on rank  3, month  6 	influx: 285	infected: 74
Land on rank  4, month  6 	influx: 303	infected: 65
Land on rank  6, month  6 	influx: 352	infected: 89
Land on rank 12, month  6 	influx: 315	infected: 78
Land on rank  2, month  6 	influx: 322	infected: 87
Land on rank 10, month  6 	influx: 286	infected: 72
Land on rank 13, month  6 	influx: 330	infected: 82
Land on rank  7, month  6 	influx: 306	infected: 64
Land on rank 11, month  6 	influx: 276	infected: 48
Land on rank 17, month  6 	influx: 312	infected: 79
Land on rank  5, month  6 	influx: 324	infected: 85
Land on rank 16, month  6 	influx: 317	infected: 80
Land on rank 14, month  6 	influx: 346	infected: 96
Land on rank  8, month  6 	influx: 305	infected: 71
Land on rank  9, month  6 	influx: 330	infected: 69
Land on rank 15, month  6 	influx: 290	infected: 62

		    Timer report: month  7    
Land on rank 10, month  7 	influx: 292	infected: 114
Land on rank 12, month  7 	influx: 299	infected: 103
Land on rank 16, month  7 	influx: 308	infected: 117
Land on rank 17, month  7 	influx: 275	infected: 90
Land on rank  2, month  7 	influx: 301	infected: 115
Land on rank  4, month  7 	influx: 286	infected: 90
Land on rank  5, month  7 	influx: 293	infected: 96
Land on rank 13, month  7 	influx: 283	infected: 103
Land on rank  8, month  7 	influx: 275	infected: 94
Land on rank 11, month  7 	influx: 284	infected: 91
Land on rank  6, month  7 	influx: 303	infected: 100
Land on rank 15, month  7 	influx: 287	infected: 105
Land on rank 14, month  7 	influx: 333	infected: 119
Land on rank  7, month  7 	influx: 284	infected: 87
Land on rank  9, month  7 	influx: 350	infected: 92
Land on rank  3, month  7 	influx: 270	infected: 105

		    Timer report: month  8    
Land on rank  5, month  8 	influx: 231	infected: 105
Land on rank 10, month  8 	influx: 243	infected: 126
Land on rank 11, month  8 	influx: 267	infected: 133
Land on rank 17, month  8 	influx: 228	infected: 110
Land on rank  2, month  8 	influx: 256	infected: 137
Land on rank  8, month  8 	influx: 250	infected: 127
Land on rank  6, month  8 	influx: 262	infected: 123
Land on rank 13, month  8 	influx: 245	infected: 128
Land on rank  4, month  8 	influx: 247	infected: 108
Land on rank 16, month  8 	influx: 252	infected: 126
Land on rank  3, month  8 	influx: 241	infected: 124
Land on rank  7, month  8 	influx: 233	infected: 113
Land on rank 15, month  8 	influx: 247	infected: 124
Land on rank  9, month  8 	influx: 266	infected: 110
Land on rank 12, month  8 	influx: 248	infected: 120
Land on rank 14, month  8 	influx: 269	infected: 135

		    Timer report: month  9    
Land on rank  3, month  9 	influx: 187	infected: 122
Land on rank  6, month  9 	influx: 176	infected: 108
Land on rank  9, month  9 	influx: 170	infected: 94
Land on rank 10, month  9 	influx: 193	infected: 124
Land on rank 13, month  9 	influx: 170	infected: 110
Land on rank 16, month  9 	influx: 174	infected: 107
Land on rank  2, month  9 	influx: 191	infected: 125
Land on rank  4, month  9 	influx: 156	infected: 90
Land on rank  8, month  9 	influx: 179	infected: 128
Land on rank 15, month  9 	influx: 182	infected: 118
Land on rank  7, month  9 	influx: 172	infected: 120
Land on rank 11, month  9 	influx: 214	infected: 148
Land on rank 12, month  9 	influx: 171	infected: 104
Land on rank 14, month  9 	influx: 178	infected: 116
Land on rank 17, month  9 	influx: 146	infected: 93
Land on rank  5, month  9 	influx: 159	infected: 94

		    Timer report: month 10    
Land on rank  4, month 10 	influx: 79	infected: 56
Land on rank  7, month 10 	influx: 98	infected: 82
Land on rank  5, month 10 	influx: 92	infected: 65
Land on rank 13, month 10 	influx: 98	infected: 70
Land on rank 10, month 10 	influx: 105	infected: 72
Land on rank 12, month 10 	influx: 91	infected: 64
Land on rank 16, month 10 	influx: 89	infected: 67
Land on rank 14, month 10 	influx: 97	infected: 73
Land on rank  3, month 10 	influx: 110	infected: 84
Land on rank 17, month 10 	influx: 87	infected: 65
Land on rank  6, month 10 	influx: 110	infected: 80
Land on rank  8, month 10 	influx: 110	infected: 92
Land on rank  2, month 10 	influx: 109	infected: 81
Land on rank 11, month 10 	influx: 124	infected: 99
Land on rank 15, month 10 	influx: 100	infected: 73
Land on rank  9, month 10 	influx: 90	infected: 66

		    Timer report: month 11    
Land on rank  2, month 11 	influx: 45	infected: 30
Land on rank  9, month 11 	influx: 46	infected: 28
Land on rank 14, month 11 	influx: 40	infected: 27
Land on rank 10, month 11 	influx: 42	infected: 27
Land on rank 11, month 11 	influx: 48	infected: 36
Land on rank 17, month 11 	influx: 35	infected: 23
Land on rank  8, month 11 	influx: 41	infected: 32
Land on rank 16, month 11 	influx: 42	infected: 32
Land on rank 12, month 11 	influx: 36	infected: 24
Land on rank  5, month 11 	influx: 38	infected: 23
Land on rank  3, month 11 	influx: 45	infected: 35
Land on rank 15, month 11 	influx: 41	infected: 28
Land on rank  6, month 11 	influx: 39	infected: 26
Land on rank  7, month 11 	influx: 50	infected: 40
Land on rank  4, month 11 	influx: 27	infected: 18
Land on rank 13, month 11 	influx: 35	infected: 22

		    Timer report: month 12    
Land on rank  6, month 12 	influx: 13	infected:  7
Land on rank  9, month 12 	influx: 24	infected: 16
Land on rank 12, month 12 	influx: 20	infected: 10
Land on rank  4, month 12 	influx: 17	infected: 12
Land on rank 10, month 12 	influx: 13	infected: 10
Land on rank 11, month 12 	influx: 22	infected: 10
Land on rank 14, month 12 	influx: 16	infected:  9
Land on rank  7, month 12 	influx: 21	infected: 12
Land on rank 13, month 12 	influx: 24	infected: 12
Land on rank  5, month 12 	influx: 17	infected:  8
Land on rank  2, month 12 	influx: 10	infected:  8
Land on rank 16, month 12 	influx: 14	infected: 11
Land on rank 15, month 12 	influx: 23	infected: 14
Land on rank  3, month 12 	influx: 15	infected: 11
Land on rank 17, month 12 	influx: 17	infected: 13
Land on rank  8, month 12 	influx: 17	infected:  9

		    Timer report: month 13    
Land on rank  2, month 13 	influx:  9	infected:  4
Land on rank  4, month 13 	influx: 10	infected:  5
Land on rank  7, month 13 	influx: 14	infected:  6
Land on rank 14, month 13 	influx:  8	infected:  5
Land on rank  5, month 13 	influx:  9	infected:  4
Land on rank 12, month 13 	influx: 13	infected:  4
Land on rank  8, month 13 	influx:  8	infected:  2
Land on rank  6, month 13 	influx: 12	infected:  4
Land on rank 10, month 13 	influx:  9	infected:  4
Land on rank 16, month 13 	influx:  7	infected:  2
Land on rank 15, month 13 	influx: 10	infected:  6
Land on rank 17, month 13 	influx:  7	infected:  5
Land on rank 13, month 13 	influx: 12	infected:  5
Land on rank  9, month 13 	influx: 12	infected:  8
Land on rank 11, month 13 	influx: 16	infected:  8
Land on rank  3, month 13 	influx:  6	infected:  2

		    Timer report: month 14    
Land on rank  2, month 14 	influx:  7	infected:  2
Land on rank  6, month 14 	influx: 12	infected:  5
Land on rank  7, month 14 	influx:  9	infected:  5
Land on rank 11, month 14 	influx: 13	infected:  8
Land on rank 12, month 14 	influx: 12	infected:  5
Land on rank 15, month 14 	influx: 11	infected:  7
Land on rank 17, month 14 	influx:  8	infected:  7
Land on rank  4, month 14 	influx:  9	infected:  6
Land on rank 10, month 14 	influx: 12	infected:  8
Land on rank 16, month 14 	influx: 10	infected:  5
Land on rank 14, month 14 	influx:  6	infected:  4
Land on rank  8, month 14 	influx:  7	infected:  4
Land on rank  9, month 14 	influx: 11	infected:  8
Land on rank 13, month 14 	influx:  7	infected:  2
Land on rank  3, month 14 	influx:  8	infected:  5
Land on rank  5, month 14 	influx: 12	infected:  8

		    Timer report: month 15    
Land on rank  2, month 15 	influx:  4	infected:  1
Land on rank  5, month 15 	influx:  8	infected:  6
Land on rank  7, month 15 	influx:  2	infected:  1
Land on rank 10, month 15 	influx:  8	infected:  4
Land on rank 13, month 15 	influx:  1	infected:  0
Land on rank 14, month 15 	influx:  3	infected:  3
Land on rank  9, month 15 	influx:  6	infected:  4
Land on rank 16, month 15 	influx:  7	infected:  4
Land on rank  8, month 15 	influx:  3	infected:  3
Land on rank 15, month 15 	influx:  5	infected:  4
Land on rank  4, month 15 	influx:  4	infected:  2
Land on rank 12, month 15 	influx:  6	infected:  4
Land on rank 11, month 15 	influx:  6	infected:  4
Land on rank 17, month 15 	influx:  4	infected:  4
Land on rank  6, month 15 	influx:  7	infected:  4
Land on rank  3, month 15 	influx:  5	infected:  3

		    Timer report: month 16    
Land on rank  2, month 16 	influx:  0	infected:  0
Land on rank  7, month 16 	influx:  1	infected:  1
Land on rank  9, month 16 	influx:  2	infected:  2
Land on rank 15, month 16 	influx:  3	infected:  3
Land on rank  4, month 16 	influx:  1	infected:  1
Land on rank 17, month 16 	influx:  3	infected:  3
Land on rank 10, month 16 	influx:  4	infected:  4
Land on rank 14, month 16 	influx:  1	infected:  1
Land on rank  8, month 16 	influx:  2	infected:  2
Land on rank  6, month 16 	influx:  3	infected:  3
Land on rank 12, month 16 	influx:  3	infected:  3
Land on rank 11, month 16 	influx:  1	infected:  1
Land on rank  3, month 16 	influx:  3	infected:  3
Land on rank 13, month 16 	influx:  0	infected:  0
Land on rank  5, month 16 	influx:  4	infected:  4
Land on rank 16, month 16 	influx:  3	infected:  3

		    Timer report: month 17    
Land on rank  2, month 17 	influx:  0	infected:  0
Land on rank  7, month 17 	influx:  0	infected:  0
Land on rank  9, month 17 	influx:  0	infected:  0
Land on rank 14, month 17 	influx:  0	infected:  0
Land on rank  5, month 17 	influx:  0	infected:  0
Land on rank 10, month 17 	influx:  0	infected:  0
Land on rank  6, month 17 	influx:  0	infected:  0
Land on rank  8, month 17 	influx:  0	infected:  0
Land on rank  4, month 17 	influx:  0	infected:  0
Land on rank 15, month 17 	influx:  0	infected:  0
Land on rank 16, month 17 	influx:  0	infected:  0
Land on rank 12, month 17 	influx:  0	infected:  0
Land on rank 13, month 17 	influx:  0	infected:  0
Land on rank 17, month 17 	influx:  0	infected:  0
Land on rank  3, month 17 	influx:  0	infected:  0
Land on rank 11, month 17 	influx:  0	infected:  0

		    Timer report: month 18    
Land on rank  3, month 18 	influx:  0	infected:  0
Land on rank  5, month 18 	influx:  0	infected:  0
Land on rank  7, month 18 	influx:  0	infected:  0
Land on rank 17, month 18 	influx:  0	infected:  0
Land on rank  2, month 18 	influx:  0	infected:  0
Land on rank  9, month 18 	influx:  0	infected:  0
Land on rank 11, month 18 	influx:  0	infected:  0
Land on rank  4, month 18 	influx:  0	infected:  0
Land on rank 10, month 18 	influx:  0	infected:  0
Land on rank 16, month 18 	influx:  0	infected:  0
Land on rank 13, month 18 	influx:  0	infected:  0
Land on rank 15, month 18 	influx:  0	infected:  0
Land on rank 14, month 18 	influx:  0	infected:  0
Land on rank  8, month 18 	influx:  0	infected:  0
Land on rank 12, month 18 	influx:  0	infected:  0
Land on rank  6, month 18 	influx:  0	infected:  0

		    Timer report: month 19    
Land on rank  4, month 19 	influx:  0	infected:  0
Land on rank  9, month 19 	influx:  0	infected:  0
Land on rank 11, month 19 	influx:  0	infected:  0
Land on rank 12, month 19 	influx:  0	infected:  0
Land on rank 15, month 19 	influx:  0	infected:  0
Land on rank 16, month 19 	influx:  0	infected:  0
Land on rank 17, month 19 	influx:  0	infected:  0
Land on rank  6, month 19 	influx:  0	infected:  0
Land on rank  2, month 19 	influx:  0	infected:  0
Land on rank 13, month 19 	influx:  0	infected:  0
Land on rank 14, month 19 	influx:  0	infected:  0
Land on rank  3, month 19 	influx:  0	infected:  0
Land on rank  5, month 19 	influx:  0	infected:  0
Land on rank 10, month 19 	influx:  0	infected:  0
Land on rank  7, month 19 	influx:  0	infected:  0
Land on rank  8, month 19 	influx:  0	infected:  0

		    Timer report: month 20    
Land on rank  5, month 20 	influx:  0	infected:  0
Land on rank  7, month 20 	influx:  0	infected:  0
Land on rank 11, month 20 	influx:  0	infected:  0
Land on rank 17, month 20 	influx:  0	infected:  0
Land on rank  4, month 20 	influx:  0	infected:  0
Land on rank  2, month 20 	influx:  0	infected:  0
Land on rank 12, month 20 	influx:  0	infected:  0
Land on rank  9, month 20 	influx:  0	infected:  0
Land on rank  6, month 20 	influx:  0	infected:  0
Land on rank 15, month 20 	influx:  0	infected:  0
Land on rank 13, month 20 	influx:  0	infected:  0
Land on rank  8, month 20 	influx:  0	infected:  0
Land on rank 16, month 20 	influx:  0	infected:  0
Land on rank 14, month 20 	influx:  0	infected:  0
Land on rank  3, month 20 	influx:  0	infected:  0
Land on rank 10, month 20 	influx:  0	infected:  0
	FINISHED: Simulation Stoped. Population: 0
Parameters read
34	16	100	4	20
Simulation started
Initialise 34 🐿️
Timer on 1 READY, simulation length: 20
CTRL on 18 READY

		    Timer report: month  1    
Land on rank  8, month  1 	influx: 112	infected: 11
Land on rank 11, month  1 	influx: 98	infected: 10
Land on rank 13, month  1 	influx: 103	infected: 14
Land on rank  6, month  1 	influx: 92	infected:  5
Land on rank  9, month  1 	influx: 115	infected: 10
Land on rank 15, month  1 	influx: 104	infected: 11
Land on rank  4, month  1 	influx: 92	infected:  8
Land on rank 17, month  1 	influx: 85	infected: 11
Land on rank  7, month  1 	influx: 107	infected: 13
Land on rank 16, month  1 	influx: 104	infected: 12
Land on rank 10, month  1 	influx: 120	infected: 19
Land on rank  3, month  1 	influx: 107	infected: 13
Land on rank  5, month  1 	influx: 110	infected: 20
Land on rank 14, month  1 	influx: 85	infected:  9
Land on rank 12, month  1 	influx: 85	infected: 14
Land on rank  2, month  1 	influx: 105	infected: 12

		    Timer report: month  2    
Land on rank  3, month  2 	influx: 191	infected: 16
Land on rank  7, month  2 	influx: 206	infected: 21
Land on rank 11, month  2 	influx: 187	infected: 13
Land on rank 12, month  2 	influx: 199	infected: 22
Land on rank 14, month  2 	influx: 181	infected: 16
Land on rank 17, month  2 	influx: 173	infected: 14
Land on rank  2, month  2 	influx: 213	infected: 14
Land on rank 13, month  2 	influx: 203	infected: 18
Land on rank 15, month  2 	influx: 191	infected: 17
Land on rank 16, month  2 	influx: 215	infected: 17
Land on rank  6, month  2 	influx: 198	infected:  8
Land on rank  4, month  2 	influx: 190	infected: 12
Land on rank  8, month  2 	influx: 209	infected: 16
Land on rank 10, month  2 	influx: 232	infected: 28
Land on rank  5, month  2 	influx: 213	infected: 25
Land on rank  9, month  2 	influx: 252	infected: 17

		    Timer report: month  3    
Land on rank  4, month  3 	influx: 318	infected: 29
Land on rank  6, month  3 	influx: 305	infected: 23
Land on rank  7, month  3 	influx: 314	infected: 35
Land on rank 12, month  3 	influx: 306	infected: 34
Land on rank 17, month  3 	influx: 284	infected: 31
Land on rank  8, month  3 	influx: 322	infected: 26
Land on rank  5, month  3 	influx: 333	infected: 40
Land on rank 11, month  3 	influx: 284	infected: 23
Land on rank 13, month  3 	influx: 300	infected: 40
Land on rank 14, month  3 	influx: 286	infected: 27
Land on rank 16, month  3 	influx: 341	infected: 33
Land on rank 10, month  3 	influx: 339	infected: 44
Land on rank  3, month  3 	influx: 287	infected: 25
Land on rank 15, month  3 	influx: 310	infected: 34
Land on rank  2, month  3 	influx: 320	infected: 37
Land on rank  9, month  3 	influx: 355	infected: 32

		    Timer report: month  4    
Land on rank  3, month  4 	influx: 306	infected: 27
Land on rank  4, month  4 	influx: 349	infected: 39
Land on rank  5, month  4 	influx: 349	infected: 39
Land on rank  6, month  4 	influx: 354	infected: 38
Land on rank 10, month  4 	influx: 316	infected: 36
Land on rank 11, month  4 	influx: 276	infected: 20
Land on rank 12, month  4 	influx: 323	infected: 34
Land on rank 15, month  4 	influx: 330	infected: 29
Land on rank 16, month  4 	influx: 363	infected: 33
Land on rank 17, month  4 	influx: 305	infected: 30
Land on rank  8, month  4 	influx: 333	infected: 32
Land on rank 13, month  4 	influx: 328	infected: 41
Land on rank  7, month  4 	influx: 329	infected: 36
Land on rank  9, month  4 	influx: 367	infected: 33
Land on rank  2, month  4 	influx: 345	infected: 45
Land on rank 14, month  4 	influx: 326	infected: 40

		    Timer report: month  5    
Land on rank  5, month  5 	influx: 388	infected: 53
Land on rank  9, month  5 	influx: 347	infected: 39
Land on rank 11, month  5 	influx: 310	infected: 35
Land on rank 12, month  5 	influx: 346	infected: 51
Land on rank 15, month  5 	influx: 355	infected: 37
Land on rank 14, month  5 	influx: 347	infected: 50
Land on rank  6, month  5 	influx: 359	infected: 50
Land on rank 16, month  5 	influx: 369	infected: 51
Land on rank 17, month  5 	influx: 335	infected: 47
Land on rank  7, month  5 	influx: 351	infected: 45
Land on rank  4, month  5 	influx: 382	infected: 53
Land on rank 13, month  5 	influx: 354	infected: 59
Land on rank  3, month  5 	influx: 331	infected: 43
Land on rank  2, month  5 	influx: 373	infected: 69
Land on rank 10, month  5 	influx: 327	infected: 49
Land on rank  8, month  5 	influx: 368	infected: 63

		    Timer report: month  6    
Land on rank  3, month  6 	influx: 361	infected: 81
Land on rank  4, month  6 	influx: 376	infected: 83
Land on rank  6, month  6 	influx: 377	infected: 80
Land on rank  9, month  6 	influx: 381	infected: 74
Land on rank 16, month  6 	influx: 369	infected: 70
Land on rank 17, month  6 	influx: 348	infected: 74
Land on rank 12, month  6 	influx: 364	infected: 85
Land on rank 13, month  6 	influx: 370	infected: 86
Land on rank 15, month  6 	influx: 353	infected: 64
Land on rank  2, month  6 	influx: 393	infected: 88
Land on rank  8, month  6 	influx: 379	infected: 96
Land on rank 10, month  6 	influx: 322	infected: 73
Land on rank 11, month  6 	influx: 340	infected: 69
Land on rank 14, month  6 	influx: 371	infected: 77
Land on rank  7, month  6 	influx: 358	infected: 79
Land on rank  5, month  6 	influx: 382	infected: 71

		    Timer report: month  7    
Land on rank  2, month  7 	influx: 368	infected: 131
Land on rank  8, month  7 	influx: 344	infected: 141
Land on rank  9, month  7 	influx: 350	infected: 109
Land on rank 10, month  7 	influx: 339	infected: 131
Land on rank 11, month  7 	influx: 357	infected: 134
Land on rank 14, month  7 	influx: 341	infected: 102
Land on rank 15, month  7 	influx: 343	infected: 128
Land on rank 16, month  7 	influx: 352	infected: 123
Land on rank  6, month  7 	influx: 342	infected: 127
Land on rank 12, month  7 	influx: 372	infected: 142
Land on rank 13, month  7 	influx: 328	infected: 125
Land on rank  3, month  7 	influx: 331	infected: 127
Land on rank 17, month  7 	influx: 331	infected: 113
Land on rank  4, month  7 	influx: 338	infected: 117
Land on rank  7, month  7 	influx: 320	infected: 119
Land on rank  5, month  7 	influx: 365	infected: 106

		    Timer report: month  8    
Land on rank  6, month  8 	influx: 286	infected: 158
Land on rank  7, month  8 	influx: 241	infected: 135
Land on rank 11, month  8 	influx: 286	infected: 161
Land on rank 13, month  8 	influx: 258	infected: 145
Land on rank 14, month  8 	influx: 292	infected: 134
Land on rank 15, month  8 	influx: 278	infected: 154
Land on rank 17, month  8 	influx: 267	infected: 132
Land on rank  8, month  8 	influx: 266	infected: 150
Land on rank 10, month  8 	influx: 264	infected: 145
Land on rank  3, month  8 	influx: 279	infected: 150
Land on rank  4, month  8 	influx: 260	infected: 133
Land on rank 16, month  8 	influx: 284	infected: 137
Land on rank  9, month  8 	influx: 278	infected: 129
Land on rank 12, month  8 	influx: 288	infected: 158
Land on rank  5, month  8 	influx: 267	infected: 125
Land on rank  2, month  8 	influx: 288	infected: 151

		    Timer report: month  9    
Land on rank  3, month  9 	influx: 165	infected: 115
Land on rank  4, month  9 	influx: 156	infected: 104
Land on rank 10, month  9 	influx: 179	infected: 122
Land on rank 14, month  9 	influx: 174	infected: 107
Land on rank  7, month  9 	influx: 141	infected: 102
Land on rank  8, month  9 	influx: 152	infected: 117
Land on rank  6, month  9 	influx: 173	infected: 125
Land on rank 11, month  9 	influx: 177	infected: 135
Land on rank 15, month  9 	influx: 173	infected: 122
Land on rank  5, month  9 	influx: 161	infected: 100
Land on rank  9, month  9 	influx: 152	infected: 90
Land on rank 12, month  9 	influx: 171	infected: 120
Land on rank 13, month  9 	influx: 155	infected: 106
Land on rank 17, month  9 	influx: 155	infected: 100
Land on rank 16, month  9 	influx: 168	infected: 112
Land on rank  2, month  9 	influx: 177	infected: 125

		    Timer report: month 10    
Land on rank  3, month 10 	influx: 69	infected: 54
Land on rank  5, month 10 	influx: 52	infected: 46
Land on rank  7, month 10 	influx: 57	infected: 48
Land on rank 13, month 10 	influx: 66	infected: 52
Land on rank 16, month 10 	influx: 60	infected: 48
Land on rank 17, month 10 	influx: 67	infected: 52
Land on rank  2, month 10 	influx: 73	infected: 63
Land on rank  9, month 10 	influx: 57	infected: 45
Land on rank 11, month 10 	influx: 70	infected: 63
Land on rank  6, month 10 	influx: 67	infected: 58
Land on rank 10, month 10 	influx: 66	infected: 54
Land on rank 15, month 10 	influx: 59	infected: 52
Land on rank  8, month 10 	influx: 64	infected: 55
Land on rank 12, month 10 	influx: 61	infected: 49
Land on rank  4, month 10 	influx: 71	infected: 52
Land on rank 14, month 10 	influx: 79	infected: 60

		    Timer report: month 11    
Land on rank  4, month 11 	influx: 18	infected: 18
Land on rank 10, month 11 	influx: 18	infected: 18
Land on rank 15, month 11 	influx: 12	infected: 12
Land on rank 17, month 11 	influx: 13	infected: 13
Land on rank  2, month 11 	influx: 17	infected: 17
Land on rank  3, month 11 	influx: 12	infected: 12
Land on rank  5, month 11 	influx:  8	infected:  8
Land on rank 14, month 11 	influx: 11	infected: 11
Land on rank 11, month 11 	influx: 18	infected: 18
Land on rank  8, month 11 	influx: 10	infected: 10
Land on rank 13, month 11 	influx: 10	infected: 10
Land on rank  7, month 11 	influx: 15	infected: 15
Land on rank  9, month 11 	influx: 12	infected: 12
Land on rank 12, month 11 	influx:  8	infected:  8
Land on rank  6, month 11 	influx: 12	infected: 12
Land on rank 16, month 11 	influx: 11	infected: 11

		    Timer report: month 12    
Land on rank  3, month 12 	influx:  0	infected:  0
Land on rank  4, month 12 	influx:  0	infected:  0
Land on rank  6, month 12 	influx:  0	infected:  0
Land on rank  9, month 12 	influx:  1	infected:  1
Land on rank 13, month 12 	influx:  0	infected:  0
Land on rank 14, month 12 	influx:  0	infected:  0
Land on rank 15, month 12 	influx:  0	infected:  0
Land on rank 17, month 12 	influx:  1	infected:  1
Land on rank 10, month 12 	influx:  1	infected:  1
Land on rank 16, month 12 	influx:  1	infected:  1
Land on rank  7, month 12 	influx:  0	infected:  0
Land on rank  8, month 12 	influx:  0	infected:  0
Land on rank 11, month 12 	influx:  0	infected:  0
Land on rank 12, month 12 	influx:  0	infected:  0
Land on rank  5, month 12 	influx:  0	infected:  0
Land on rank  2, month 12 	influx:  1	infected:  1

		    Timer report: month 13    
Land on rank  4, month 13 	influx:  0	infected:  0
Land on rank  8, month 13 	influx:  0	infected:  0
Land on rank 12, month 13 	influx:  0	infected:  0
Land on rank 13, month 13 	influx:  0	infected:  0
Land on rank 16, month 13 	influx:  0	infected:  0
Land on rank  6, month 13 	influx:  0	infected:  0
Land on rank  9, month 13 	influx:  0	infected:  0
Land on rank 10, month 13 	influx:  0	infected:  0
Land on rank 17, month 13 	influx:  0	infected:  0
Land on rank 11, month 13 	influx:  0	infected:  0
Land on rank 15, month 13 	influx:  0	infected:  0
Land on rank  5, month 13 	influx:  0	infected:  0
Land on rank 14, month 13 	influx:  0	infected:  0
Land on rank  7, month 13 	influx:  0	infected:  0
Land on rank  3, month 13 	influx:  0	infected:  0
Land on rank  2, month 13 	influx:  0	infected:  0

		    Timer report: month 14    
Land on rank  5, month 14 	influx:  0	infected:  0
Land on rank  7, month 14 	influx:  0	infected:  0
Land on rank 11, month 14 	influx:  0	infected:  0
Land on rank 12, month 14 	influx:  0	infected:  0
Land on rank 17, month 14 	influx:  0	infected:  0
Land on rank  2, month 14 	influx:  0	infected:  0
Land on rank  4, month 14 	influx:  0	infected:  0
Land on rank 14, month 14 	influx:  0	infected:  0
Land on rank  8, month 14 	influx:  0	infected:  0
Land on rank  6, month 14 	influx:  0	infected:  0
Land on rank 13, month 14 	influx:  0	infected:  0
Land on rank  3, month 14 	influx:  0	infected:  0
Land on rank  9, month 14 	influx:  0	infected:  0
Land on rank 15, month 14 	influx:  0	infected:  0
Land on rank 10, month 14 	influx:  0	infected:  0
Land on rank 16, month 14 	influx:  0	infected:  0

		    Timer report: month 15    
Land on rank  2, month 15 	influx:  0	infected:  0
Land on rank  5, month 15 	influx:  0	infected:  0
Land on rank  7, month 15 	influx:  0	infected:  0
Land on rank 10, month 15 	influx:  0	infected:  0
Land on rank 17, month 15 	influx:  0	infected:  0
Land on rank  6, month 15 	influx:  0	infected:  0
Land on rank 16, month 15 	influx:  0	infected:  0
Land on rank  4, month 15 	influx:  0	infected:  0
Land on rank 11, month 15 	influx:  0	infected:  0
Land on rank 13, month 15 	influx:  0	infected:  0
Land on rank  3, month 15 	influx:  0	infected:  0
Land on rank 14, month 15 	influx:  0	infected:  0
Land on rank 12, month 15 	influx:  0	infected:  0
Land on rank  8, month 15 	influx:  0	infected:  0
Land on rank  9, month 15 	influx:  0	infected:  0
Land on rank 15, month 15 	influx:  0	infected:  0

		    Timer report: month 16    
Land on rank  6, month 16 	influx:  0	infected:  0
Land on rank  7, month 16 	influx:  0	infected:  0
Land on rank 10, month 16 	influx:  0	infected:  0
Land on rank 12, month 16 	influx:  0	infected:  0
Land on rank 16, month 16 	influx:  0	infected:  0
Land on rank  5, month 16 	influx:  0	infected:  0
Land on rank 17, month 16 	influx:  0	infected:  0
Land on rank  2, month 16 	influx:  0	infected:  0
Land on rank  8, month 16 	influx:  0	infected:  0
Land on rank  3, month 16 	influx:  0	infected:  0
Land on rank  9, month 16 	influx:  0	infected:  0
Land on rank 11, month 16 	influx:  0	infected:  0
Land on rank 14, month 16 	influx:  0	infected:  0
Land on rank 13, month 16 	influx:  0	infected:  0
Land on rank  4, month 16 	influx:  0	infected:  0
Land on rank 15, month 16 	influx:  0	infected:  0

		    Timer report: month 17    
Land on rank  9, month 17 	influx:  0	infected:  0
Land on rank 12, month 17 	influx:  0	infected:  0
Land on rank 13, month 17 	influx:  0	infected:  0
Land on rank  6, month 17 	influx:  0	infected:  0
Land on rank  2, month 17 	influx:  0	infected:  0
Land on rank 17, month 17 	influx:  0	infected:  0
Land on rank  7, month 17 	influx:  0	infected:  0
Land on rank 14, month 17 	influx:  0	infected:  0
Land on rank 11, month 17 	influx:  0	infected:  0
Land on rank 10, month 17 	influx:  0	infected:  0
Land on rank 16, month 17 	influx:  0	infected:  0
Land on rank  3, month 17 	influx:  0	infected:  0
Land on rank  8, month 17 	influx:  0	infected:  0
Land on rank  4, month 17 	influx:  0	infected:  0
Land on rank 15, month 17 	influx:  0	infected:  0
Land on rank  5, month 17 	influx:  0	infected:  0

		    Timer report: month 18    
Land on rank  5, month 18 	influx:  0	infected:  0
Land on rank  2, month 18 	influx:  0	infected:  0
Land on rank 11, month 18 	influx:  0	infected:  0
Land on rank  7, month 18 	influx:  0	infected:  0
Land on rank  6, month 18 	influx:  0	infected:  0
Land on rank 14, month 18 	influx:  0	infected:  0
Land on rank 16, month 18 	influx:  0	infected:  0
Land on rank  3, month 18 	influx:  0	infected:  0
Land on rank 17, month 18 	influx:  0	infected:  0
Land on rank  4, month 18 	influx:  0	infected:  0
Land on rank  8, month 18 	influx:  0	infected:  0
Land on rank 12, month 18 	influx:  0	infected:  0
Land on rank 10, month 18 	influx:  0	infected:  0
Land on rank 13, month 18 	influx:  0	infected:  0
Land on rank 15, month 18 	influx:  0	infected:  0
Land on rank  9, month 18 	influx:  0	infected:  0

		    Timer report: month 19    
Land on rank  4, month 19 	influx:  0	infected:  0
Land on rank  9, month 19 	influx:  0	infected:  0
Land on rank 13, month 19 	influx:  0	infected:  0
Land on rank  2, month 19 	influx:  0	infected:  0
Land on rank  7, month 19 	influx:  0	infected:  0
Land on rank  3, month 19 	influx:  0	infected:  0
Land on rank 11, month 19 	influx:  0	infected:  0
Land on rank 10, month 19 	influx:  0	infected:  0
Land on rank  6, month 19 	influx:  0	infected:  0
Land on rank  8, month 19 	influx:  0	infected:  0
Land on rank 16, month 19 	influx:  0	infected:  0
Land on rank 14, month 19 	influx:  0	infected:  0
Land on rank  5, month 19 	influx:  0	infected:  0
Land on rank 12, month 19 	influx:  0	infected:  0
Land on rank 17, month 19 	influx:  0	infected:  0
Land on rank 15, month 19 	influx:  0	infected:  0

		    Timer report: month 20    
Land on rank  6, month 20 	influx:  0	infected:  0
Land on rank  9, month 20 	influx:  0	infected:  0
Land on rank 10, month 20 	influx:  0	infected:  0
Land on rank 12, month 20 	influx:  0	infected:  0
Land on rank 14, month 20 	influx:  0	infected:  0
Land on rank 11, month 20 	influx:  0	infected:  0
Land on rank 16, month 20 	influx:  0	infected:  0
Land on rank  2, month 20 	influx:  0	infected:  0
Land on rank 17, month 20 	influx:  0	infected:  0
Land on rank 13, month 20 	influx:  0	infected:  0
Land on rank  3, month 20 	influx:  0	infected:  0
Land on rank 15, month 20 	influx:  0	infected:  0
Land on rank  8, month 20 	influx:  0	infected:  0
Land on rank  4, month 20 	influx:  0	infected:  0
Land on rank  7, month 20 	influx:  0	infected:  0
Land on rank  5, month 20 	influx:  0	infected:  0
	FINISHED: Simulation Stoped. Population: 0
Parameters read
34	16	100	4	20
Simulation started
Initialise 34 🐿️
CTRL on 18 READY
Timer on 1 READY, simulation length: 20

		    Timer report: month  1    
Land on rank  3, month  1 	influx: 110	infected: 11
Land on rank  7, month  1 	influx: 123	infected: 15
Land on rank  9, month  1 	influx: 136	infected: 13
Land on rank 15, month  1 	influx: 111	infected: 12
Land on rank 17, month  1 	influx: 97	infected:  7
Land on rank  8, month  1 	influx: 115	infected: 11
Land on rank 11, month  1 	influx: 104	infected:  9
Land on rank  4, month  1 	influx: 99	infected:  7
Land on rank  2, month  1 	influx: 120	infected: 14
Land on rank 13, month  1 	influx: 118	infected: 14
Land on rank  6, month  1 	influx: 98	infected:  5
Land on rank 10, month  1 	influx: 133	infected: 21
Land on rank  5, month  1 	influx: 124	infected: 20
Land on rank 16, month  1 	influx: 119	infected: 11
Land on rank 12, month  1 	influx: 101	infected: 14
Land on rank 14, month  1 	influx: 103	infected: 12

		    Timer report: month  2    
Land on rank  4, month  2 	influx: 208	infected: 13
Land on rank 10, month  2 	influx: 236	infected: 25
Land on rank 13, month  2 	influx: 208	infected: 19
Land on rank 12, month  2 	influx: 208	infected: 21
Land on rank 14, month  2 	influx: 189	infected: 15
Land on rank 15, month  2 	influx: 200	infected: 17
Land on rank  2, month  2 	influx: 216	infected: 14
Land on rank 16, month  2 	influx: 227	infected: 15
Land on rank  8, month  2 	influx: 227	infected: 16
Land on rank  5, month  2 	influx: 229	infected: 26
Land on rank  9, month  2 	influx: 256	infected: 18
Land on rank 17, month  2 	influx: 183	infected: 16
Land on rank  3, month  2 	influx: 195	infected: 16
Land on rank  7, month  2 	influx: 211	infected: 20
Land on rank 11, month  2 	influx: 200	infected: 16
Land on rank  6, month  2 	influx: 218	infected:  8

		    Timer report: month  3    
Land on rank  2, month  3 	influx: 334	infected: 36
Land on rank  6, month  3 	influx: 325	infected: 28
Land on rank  9, month  3 	influx: 371	infected: 29
Land on rank 10, month  3 	influx: 349	infected: 40
Land on rank 12, month  3 	influx: 304	infected: 31
Land on rank 15, month  3 	influx: 317	infected: 30
Land on rank 16, month  3 	influx: 349	infected: 26
Land on rank 14, month  3 	influx: 310	infected: 33
Land on rank  4, month  3 	influx: 324	infected: 29
Land on rank 13, month  3 	influx: 329	infected: 41
Land on rank  5, month  3 	influx: 363	infected: 43
Land on rank  7, month  3 	influx: 322	infected: 32
Land on rank 11, month  3 	influx: 297	infected: 23
Land on rank  8, month  3 	influx: 324	infected: 27
Land on rank 17, month  3 	influx: 311	infected: 31
Land on rank  3, month  3 	influx: 316	infected: 25

		    Timer report: month  4    
Land on rank  5, month  4 	influx: 347	infected: 42
Land on rank  8, month  4 	influx: 332	infected: 32
Land on rank 15, month  4 	influx: 306	infected: 24
Land on rank 16, month  4 	influx: 364	infected: 30
Land on rank 17, month  4 	influx: 336	infected: 47
Land on rank 12, month  4 	influx: 325	infected: 38
Land on rank  2, month  4 	influx: 354	infected: 44
Land on rank  4, month  4 	influx: 343	infected: 37
Land on rank 10, month  4 	influx: 311	infected: 32
Land on rank 11, month  4 	influx: 306	infected: 29
Land on rank 13, month  4 	influx: 335	infected: 48
Land on rank  7, month  4 	influx: 331	infected: 37
Land on rank 14, month  4 	influx: 327	infected: 41
Land on rank  6, month  4 	influx: 351	infected: 39
Land on rank  3, month  4 	influx: 316	infected: 27
Land on rank  9, month  4 	influx: 347	infected: 29

		    Timer report: month  5    
Land on rank  2, month  5 	influx: 406	infected: 61
Land on rank  7, month  5 	influx: 368	infected: 55
Land on rank  9, month  5 	influx: 361	infected: 34
Land on rank 17, month  5 	influx: 360	infected: 53
Land on rank  6, month  5 	influx: 350	infected: 47
Land on rank  3, month  5 	influx: 338	infected: 38
Land on rank  8, month  5 	influx: 344	infected: 46
Land on rank 14, month  5 	influx: 368	infected: 58
Land on rank  5, month  5 	influx: 381	infected: 64
Land on rank 10, month  5 	influx: 332	infected: 54
Land on rank 16, month  5 	influx: 392	infected: 53
Land on rank 13, month  5 	influx: 367	infected: 57
Land on rank 12, month  5 	influx: 358	infected: 40
Land on rank 11, month  5 	influx: 335	infected: 33
Land on rank  4, month  5 	influx: 365	infected: 48
Land on rank 15, month  5 	influx: 336	infected: 39

		    Timer report: month  6    
Land on rank  5, month  6 	influx: 375	infected: 78
Land on rank  8, month  6 	influx: 364	infected: 75
Land on rank 11, month  6 	influx: 372	infected: 75
Land on rank 12, month  6 	influx: 394	infected: 73
Land on rank 13, month  6 	influx: 350	infected: 69
Land on rank 15, month  6 	influx: 352	infected: 62
Land on rank 16, month  6 	influx: 413	infected: 94
Land on rank  4, month  6 	influx: 376	infected: 65
Land on rank  7, month  6 	influx: 395	infected: 79
Land on rank  6, month  6 	influx: 402	infected: 75
Land on rank 14, month  6 	influx: 376	infected: 69
Land on rank 10, month  6 	influx: 344	infected: 74
Land on rank  2, month  6 	influx: 406	infected: 74
Land on rank  9, month  6 	influx: 388	infected: 63
Land on rank 17, month  6 	influx: 348	infected: 71
Land on rank  3, month  6 	influx: 355	infected: 65

		    Timer report: month  7    
Land on rank  6, month  7 	influx: 386	infected: 129
Land on rank  9, month  7 	influx: 391	infected: 110
Land on rank 10, month  7 	influx: 356	infected: 124
Land on rank 17, month  7 	influx: 330	infected: 105
Land on rank 13, month  7 	influx: 328	infected: 116
Land on rank  5, month  7 	influx: 360	infected: 119
Land on rank  7, month  7 	influx: 383	infected: 138
Land on rank 15, month  7 	influx: 368	infected: 132
Land on rank  4, month  7 	influx: 366	infected: 114
Land on rank  3, month  7 	influx: 373	infected: 130
Land on rank 11, month  7 	influx: 392	infected: 154
Land on rank 14, month  7 	influx: 359	infected: 106
Land on rank 16, month  7 	influx: 390	infected: 142
Land on rank  2, month  7 	influx: 383	infected: 125
Land on rank 12, month  7 	influx: 379	infected: 119
Land on rank  8, month  7 	influx: 342	infected: 123

		    Timer report: month  8    
Land on rank  2, month  8 	influx: 291	infected: 155
Land on rank  3, month  8 	influx: 312	infected: 152
Land on rank  4, month  8 	influx: 289	infected: 133
Land on rank  8, month  8 	influx: 272	infected: 145
Land on rank 12, month  8 	influx: 297	infected: 158
Land on rank 14, month  8 	influx: 294	infected: 128
Land on rank 16, month  8 	influx: 304	infected: 147
Land on rank 17, month  8 	influx: 268	infected: 126
Land on rank  9, month  8 	influx: 299	infected: 132
Land on rank 13, month  8 	influx: 267	infected: 149
Land on rank 15, month  8 	influx: 310	infected: 160
Land on rank  7, month  8 	influx: 314	infected: 158
Land on rank 10, month  8 	influx: 285	infected: 134
Land on rank  5, month  8 	influx: 275	infected: 136
Land on rank  6, month  8 	influx: 319	infected: 159
Land on rank 11, month  8 	influx: 320	infected: 187

		    Timer report: month  9    
Land on rank  4, month  9 	influx: 175	infected: 111
Land on rank  6, month  9 	influx: 166	infected: 116
Land on rank  8, month  9 	influx: 160	infected: 108
Land on rank  9, month  9 	influx: 164	infected: 97
Land on rank 11, month  9 	influx: 191	infected: 141
Land on rank 12, month  9 	influx: 181	infected: 125
Land on rank 14, month  9 	influx: 177	infected: 109
Land on rank 16, month  9 	influx: 173	infected: 105
Land on rank 13, month  9 	influx: 176	infected: 126
Land on rank  3, month  9 	influx: 185	infected: 123
Land on rank  2, month  9 	influx: 183	infected: 128
Land on rank  7, month  9 	influx: 188	infected: 131
Land on rank 17, month  9 	influx: 164	infected: 104
Land on rank  5, month  9 	influx: 155	infected: 109
Land on rank 15, month  9 	influx: 191	infected: 132
Land on rank 10, month  9 	influx: 168	infected: 105

		    Timer report: month 10    
Land on rank  5, month 10 	influx: 67	infected: 54
Land on rank  4, month 10 	influx: 71	infected: 51
Land on rank  8, month 10 	influx: 65	infected: 49
Land on rank  6, month 10 	influx: 65	infected: 51
Land on rank 14, month 10 	influx: 78	infected: 56
Land on rank  9, month 10 	influx: 55	infected: 43
Land on rank  2, month 10 	influx: 74	infected: 60
Land on rank 11, month 10 	influx: 63	infected: 51
Land on rank 15, month 10 	influx: 80	infected: 61
Land on rank 10, month 10 	influx: 67	infected: 47
Land on rank 12, month 10 	influx: 76	infected: 60
Land on rank  3, month 10 	influx: 60	infected: 48
Land on rank 17, month 10 	influx: 66	infected: 52
Land on rank 16, month 10 	influx: 67	infected: 47
Land on rank  7, month 10 	influx: 74	infected: 56
Land on rank 13, month 10 	influx: 79	infected: 62

		    Timer report: month 11    
Land on rank  2, month 11 	influx: 20	infected: 15
Land on rank  7, month 11 	influx: 18	infected: 13
Land on rank  8, month 11 	influx: 12	infected:  9
Land on rank  9, month 11 	influx: 13	infected: 11
Land on rank 14, month 11 	influx: 18	infected: 16
Land on rank 16, month 11 	influx: 17	infected: 15
Land on rank 17, month 11 	influx: 18	infected: 16
Land on rank 10, month 11 	influx: 14	infected: 11
Land on rank 13, month 11 	influx: 18	infected: 15
Land on rank  3, month 11 	influx: 16	infected: 12
Land on rank  4, month 11 	influx: 18	infected: 16
Land on rank  6, month 11 	influx: 13	infected: 10
Land on rank 11, month 11 	influx: 11	infected:  8
Land on rank  5, month 11 	influx: 14	infected: 10
Land on rank 15, month 11 	influx: 20	infected: 14
Land on rank 12, month 11 	influx: 19	infected: 13

		    Timer report: month 12    
Land on rank  8, month 12 	influx:  7	infected:  6
Land on rank  9, month 12 	influx:  6	infected:  6
Land on rank 13, month 12 	influx:  5	infected:  4
Land on rank 17, month 12 	influx:  6	infected:  5
Land on rank 16, month 12 	influx:  5	infected:  5
Land on rank  5, month 12 	influx:  6	infected:  6
Land on rank  3, month 12 	influx:  5	infected:  5
Land on rank 10, month 12 	influx:  6	infected:  5
Land on rank  7, month 12 	influx:  6	infected:  4
Land on rank 12, month 12 	influx:  3	infected:  3
Land on rank 14, month 12 	influx:  6	infected:  6
Land on rank  4, month 12 	influx:  5	infected:  5
Land on rank  6, month 12 	influx:  7	infected:  5
Land on rank 11, month 12 	influx:  6	infected:  5
Land on rank  2, month 12 	influx: 10	infected:  7
Land on rank 15, month 12 	influx:  6	infected:  6

		    Timer report: month 13    
Land on rank  4, month 13 	influx:  1	infected:  1
Land on rank  6, month 13 	influx:  0	infected:  0
Land on rank 13, month 13 	influx:  0	infected:  0
Land on rank 14, month 13 	influx:  2	infected:  2
Land on rank  3, month 13 	influx:  2	infected:  2
Land on rank  9, month 13 	influx:  0	infected:  0
Land on rank  2, month 13 	influx:  2	infected:  2
Land on rank  5, month 13 	influx:  1	infected:  1
Land on rank 12, month 13 	influx:  1	infected:  1
Land on rank 11, month 13 	influx:  1	infected:  1
Land on rank 16, month 13 	influx:  0	infected:  0
Land on rank 10, month 13 	influx:  0	infected:  0
Land on rank 17, month 13 	influx:  0	infected:  0
Land on rank  7, month 13 	influx:  0	infected:  0
Land on rank 15, month 13 	influx:  1	infected:  1
Land on rank  8, month 13 	influx:  1	infected:  1

		    Timer report: month 14    
Land on rank  2, month 14 	influx:  0	infected:  0
Land on rank  6, month 14 	influx:  0	infected:  0
Land on rank  7, month 14 	influx:  0	infected:  0
Land on rank 15, month 14 	influx:  0	infected:  0
Land on rank  3, month 14 	influx:  0	infected:  0
Land on rank 13, month 14 	influx:  0	infected:  0
Land on rank  9, month 14 	influx:  0	infected:  0
Land on rank 14, month 14 	influx:  0	infected:  0
Land on rank  4, month 14 	influx:  0	infected:  0
Land on rank 17, month 14 	influx:  0	infected:  0
Land on rank  8, month 14 	influx:  0	infected:  0
Land on rank 10, month 14 	influx:  0	infected:  0
Land on rank 12, month 14 	influx:  0	infected:  0
Land on rank  5, month 14 	influx:  0	infected:  0
Land on rank 11, month 14 	influx:  0	infected:  0
Land on rank 16, month 14 	influx:  0	infected:  0

		    Timer report: month 15    
Land on rank  5, month 15 	influx:  0	infected:  0
Land on rank  6, month 15 	influx:  0	infected:  0
Land on rank  8, month 15 	influx:  0	infected:  0
Land on rank  9, month 15 	influx:  0	infected:  0
Land on rank 11, month 15 	influx:  0	infected:  0
Land on rank 14, month 15 	influx:  0	infected:  0
Land on rank  3, month 15 	influx:  0	infected:  0
Land on rank 17, month 15 	influx:  0	infected:  0
Land on rank  2, month 15 	influx:  0	infected:  0
Land on rank 16, month 15 	influx:  0	infected:  0
Land on rank 12, month 15 	influx:  0	infected:  0
Land on rank 10, month 15 	influx:  0	infected:  0
Land on rank  4, month 15 	influx:  0	infected:  0
Land on rank  7, month 15 	influx:  0	infected:  0
Land on rank 13, month 15 	influx:  0	infected:  0
Land on rank 15, month 15 	influx:  0	infected:  0

		    Timer report: month 16    
Land on rank  4, month 16 	influx:  0	infected:  0
Land on rank  7, month 16 	influx:  0	infected:  0
Land on rank 17, month 16 	influx:  0	infected:  0
Land on rank 13, month 16 	influx:  0	infected:  0
Land on rank  2, month 16 	influx:  0	infected:  0
Land on rank 11, month 16 	influx:  0	infected:  0
Land on rank  6, month 16 	influx:  0	infected:  0
Land on rank  8, month 16 	influx:  0	infected:  0
Land on rank  5, month 16 	influx:  0	infected:  0
Land on rank 10, month 16 	influx:  0	infected:  0
Land on rank 12, month 16 	influx:  0	infected:  0
Land on rank 14, month 16 	influx:  0	infected:  0
Land on rank  9, month 16 	influx:  0	infected:  0
Land on rank 16, month 16 	influx:  0	infected:  0
Land on rank 15, month 16 	influx:  0	infected:  0
Land on rank  3, month 16 	influx:  0	infected:  0

		    Timer report: month 17    
Land on rank  8, month 17 	influx:  0	infected:  0
Land on rank  9, month 17 	influx:  0	infected:  0
Land on rank 12, month 17 	influx:  0	infected:  0
Land on rank 17, month 17 	influx:  0	infected:  0
Land on rank 16, month 17 	influx:  0	infected:  0
Land on rank 10, month 17 	influx:  0	infected:  0
Land on rank  7, month 17 	influx:  0	infected:  0
Land on rank 11, month 17 	influx:  0	infected:  0
Land on rank 15, month 17 	influx:  0	infected:  0
Land on rank  5, month 17 	influx:  0	infected:  0
Land on rank  6, month 17 	influx:  0	infected:  0
Land on rank 14, month 17 	influx:  0	infected:  0
Land on rank 13, month 17 	influx:  0	infected:  0
Land on rank  2, month 17 	influx:  0	infected:  0
Land on rank  4, month 17 	influx:  0	infected:  0
Land on rank  3, month 17 	influx:  0	infected:  0

		    Timer report: month 18    
Land on rank 14, month 18 	influx:  0	infected:  0
Land on rank 15, month 18 	influx:  0	infected:  0
Land on rank 12, month 18 	influx:  0	infected:  0
Land on rank 10, month 18 	influx:  0	infected:  0
Land on rank 11, month 18 	influx:  0	infected:  0
Land on rank  8, month 18 	influx:  0	infected:  0
Land on rank 17, month 18 	influx:  0	infected:  0
Land on rank  4, month 18 	influx:  0	infected:  0
Land on rank  7, month 18 	influx:  0	infected:  0
Land on rank 13, month 18 	influx:  0	infected:  0
Land on rank  2, month 18 	influx:  0	infected:  0
Land on rank  9, month 18 	influx:  0	infected:  0
Land on rank  5, month 18 	influx:  0	infected:  0
Land on rank  6, month 18 	influx:  0	infected:  0
Land on rank 16, month 18 	influx:  0	infected:  0
Land on rank  3, month 18 	influx:  0	infected:  0

		    Timer report: month 19    
Land on rank  6, month 19 	influx:  0	infected:  0
Land on rank  7, month 19 	influx:  0	infected:  0
Land on rank  9, month 19 	influx:  0	infected:  0
Land on rank 14, month 19 	influx:  0	infected:  0
Land on rank  2, month 19 	influx:  0	infected:  0
Land on rank 16, month 19 	influx:  0	infected:  0
Land on rank 17, month 19 	influx:  0	infected:  0
Land on rank 10, month 19 	influx:  0	infected:  0
Land on rank  8, month 19 	influx:  0	infected:  0
Land on rank 13, month 19 	influx:  0	infected:  0
Land on rank  5, month 19 	influx:  0	infected:  0
Land on rank 12, month 19 	influx:  0	infected:  0
Land on rank  3, month 19 	influx:  0	infected:  0
Land on rank 11, month 19 	influx:  0	infected:  0
Land on rank  4, month 19 	influx:  0	infected:  0
Land on rank 15, month 19 	influx:  0	infected:  0

		    Timer report: month 20    
Land on rank  6, month 20 	influx:  0	infected:  0
Land on rank 13, month 20 	influx:  0	infected:  0
Land on rank 15, month 20 	influx:  0	infected:  0
Land on rank 14, month 20 	influx:  0	infected:  0
Land on rank  9, month 20 	influx:  0	infected:  0
Land on rank  2, month 20 	influx:  0	infected:  0
Land on rank  3, month 20 	influx:  0	infected:  0
Land on rank  4, month 20 	influx:  0	infected:  0
Land on rank 12, month 20 	influx:  0	infected:  0
Land on rank 17, month 20 	influx:  0	infected:  0
Land on rank  7, month 20 	influx:  0	infected:  0
Land on rank 10, month 20 	influx:  0	infected:  0
Land on rank 11, month 20 	influx:  0	infected:  0
Land on rank  8, month 20 	influx:  0	infected:  0
Land on rank 16, month 20 	influx:  0	infected:  0
Land on rank  5, month 20 	influx:  0	infected:  0
	FINISHED: Simulation Stoped. Population: 0
