Parameters read
34	16	100	1	20
Simulation started
Initialise 34 🐿️
Timer on 1 READY, simulation length: 20
CTRL on 18 READY

		    Timer report: month  1    
Land on rank  3, month  1 	influx: 106	infected:  0
Land on rank  7, month  1 	influx: 119	infected:  4
Land on rank  5, month  1 	influx: 114	infected:  4
Land on rank 12, month  1 	influx: 99	infected:  3
Land on rank 16, month  1 	influx: 135	infected:  2
Land on rank 17, month  1 	influx: 101	infected:  0
Land on rank 10, month  1 	influx: 127	infected: 12
Land on rank  6, month  1 	influx: 106	infected:  0
Land on rank  2, month  1 	influx: 126	infected:  6
Land on rank 11, month  1 	influx: 120	infected:  2
Land on rank  8, month  1 	influx: 127	infected:  5
Land on rank 14, month  1 	influx: 99	infected:  1
Land on rank 13, month  1 	influx: 122	infected:  2
Land on rank 15, month  1 	influx: 119	infected:  3
Land on rank  4, month  1 	influx: 107	infected:  3
Land on rank  9, month  1 	influx: 140	infected:  6

		    Timer report: month  2    
Land on rank  5, month  2 	influx: 250	infected:  4
Land on rank 10, month  2 	influx: 251	infected: 12
Land on rank 12, month  2 	influx: 219	infected:  4
Land on rank 13, month  2 	influx: 238	infected:  2
Land on rank  7, month  2 	influx: 238	infected:  4
Land on rank  8, month  2 	influx: 258	infected:  5
Land on rank 16, month  2 	influx: 253	infected:  2
Land on rank 15, month  2 	influx: 233	infected:  3
Land on rank  2, month  2 	influx: 257	infected:  6
Land on rank  9, month  2 	influx: 288	infected:  6
Land on rank  4, month  2 	influx: 241	infected:  3
Land on rank  6, month  2 	influx: 243	infected:  0
Land on rank 17, month  2 	influx: 219	infected:  0
Land on rank 14, month  2 	influx: 227	infected:  1
Land on rank 11, month  2 	influx: 233	infected:  2
Land on rank  3, month  2 	influx: 229	infected:  0

		    Timer report: month  3    
Land on rank  3, month  3 	influx: 366	infected:  1
Land on rank 10, month  3 	influx: 387	infected: 14
Land on rank 17, month  3 	influx: 371	infected:  5
Land on rank  2, month  3 	influx: 390	infected:  7
Land on rank 11, month  3 	influx: 376	infected:  6
Land on rank 16, month  3 	influx: 406	infected:  7
Land on rank  9, month  3 	influx: 425	infected:  7
Land on rank 15, month  3 	influx: 392	infected:  4
Land on rank  4, month  3 	influx: 385	infected:  3
Land on rank  7, month  3 	influx: 387	infected:  9
Land on rank 12, month  3 	influx: 345	infected:  6
Land on rank 14, month  3 	influx: 361	infected:  2
Land on rank  6, month  3 	influx: 378	infected:  1
Land on rank 13, month  3 	influx: 374	infected:  5
Land on rank  8, month  3 	influx: 389	infected:  9
Land on rank  5, month  3 	influx: 396	infected:  7

		    Timer report: month  4    
Land on rank  5, month  4 	influx: 417	infected:  6
Land on rank  8, month  4 	influx: 422	infected: 11
Land on rank 10, month  4 	influx: 409	infected:  5
Land on rank 15, month  4 	influx: 427	infected:  5
Land on rank  9, month  4 	influx: 429	infected:  9
Land on rank  3, month  4 	influx: 415	infected:  5
Land on rank 13, month  4 	influx: 404	infected:  9
Land on rank 16, month  4 	influx: 425	infected: 12
Land on rank  2, month  4 	influx: 426	infected: 10
Land on rank  7, month  4 	influx: 427	infected: 12
Land on rank 12, month  4 	influx: 399	infected:  6
Land on rank 14, month  4 	influx: 410	infected:  6
Land on rank 17, month  4 	influx: 403	infected: 10
Land on rank  6, month  4 	influx: 431	infected: 14
Land on rank 11, month  4 	influx: 417	infected:  6
Land on rank  4, month  4 	influx: 434	infected:  5

		    Timer report: month  5    
Land on rank  5, month  5 	influx: 462	infected: 17
Land on rank  8, month  5 	influx: 468	infected: 15
Land on rank 10, month  5 	influx: 472	infected: 17
Land on rank 11, month  5 	influx: 481	infected: 11
Land on rank 16, month  5 	influx: 517	infected: 19
Land on rank  4, month  5 	influx: 501	infected: 12
Land on rank 17, month  5 	influx: 462	infected: 16
Land on rank  6, month  5 	influx: 446	infected: 24
Land on rank  3, month  5 	influx: 484	infected: 14
Land on rank  2, month  5 	influx: 472	infected: 19
Land on rank  7, month  5 	influx: 491	infected: 18
Land on rank 12, month  5 	influx: 466	infected: 14
Land on rank 14, month  5 	influx: 459	infected: 16
Land on rank 15, month  5 	influx: 521	infected: 16
Land on rank  9, month  5 	influx: 494	infected: 19
Land on rank 13, month  5 	influx: 470	infected: 18

		    Timer report: month  6    
Land on rank  2, month  6 	influx: 542	infected: 37
Land on rank  8, month  6 	influx: 528	infected: 40
Land on rank 12, month  6 	influx: 522	infected: 37
Land on rank 13, month  6 	influx: 490	infected: 36
Land on rank 14, month  6 	influx: 532	infected: 34
Land on rank  3, month  6 	influx: 539	infected: 43
Land on rank  4, month  6 	influx: 508	infected: 33
Land on rank  5, month  6 	influx: 484	infected: 31
Land on rank 15, month  6 	influx: 535	infected: 35
Land on rank 11, month  6 	influx: 532	infected: 23
Land on rank 17, month  6 	influx: 472	infected: 26
Land on rank 16, month  6 	influx: 524	infected: 33
Land on rank  7, month  6 	influx: 548	infected: 45
Land on rank  9, month  6 	influx: 592	infected: 41
Land on rank 10, month  6 	influx: 516	infected: 42
Land on rank  6, month  6 	influx: 528	infected: 46

		    Timer report: month  7    
Land on rank  8, month  7 	influx: 542	infected: 79
Land on rank 12, month  7 	influx: 552	infected: 83
Land on rank 15, month  7 	influx: 563	infected: 83
Land on rank 17, month  7 	influx: 500	infected: 57
Land on rank  3, month  7 	influx: 558	infected: 76
Land on rank  2, month  7 	influx: 537	infected: 72
Land on rank  6, month  7 	influx: 538	infected: 83
Land on rank 11, month  7 	influx: 553	infected: 87
Land on rank 14, month  7 	influx: 577	infected: 76
Land on rank 13, month  7 	influx: 512	infected: 74
Land on rank  5, month  7 	influx: 520	infected: 68
Land on rank 16, month  7 	influx: 553	infected: 81
Land on rank  7, month  7 	influx: 569	infected: 85
Land on rank  9, month  7 	influx: 624	infected: 71
Land on rank 10, month  7 	influx: 560	infected: 89
Land on rank  4, month  7 	influx: 529	infected: 80

		    Timer report: month  8    
Land on rank 16, month  8 	influx: 491	infected: 138
Land on rank 17, month  8 	influx: 482	infected: 134
Land on rank  4, month  8 	influx: 475	infected: 142
Land on rank  8, month  8 	influx: 523	infected: 152
Land on rank  2, month  8 	influx: 533	infected: 138
Land on rank  7, month  8 	influx: 542	infected: 139
Land on rank 15, month  8 	influx: 502	infected: 136
Land on rank 12, month  8 	influx: 515	infected: 143
Land on rank  3, month  8 	influx: 529	infected: 152
Land on rank  9, month  8 	influx: 549	infected: 119
Land on rank 10, month  8 	influx: 535	infected: 148
Land on rank  5, month  8 	influx: 500	infected: 127
Land on rank 14, month  8 	influx: 571	infected: 143
Land on rank 13, month  8 	influx: 460	infected: 131
Land on rank 11, month  8 	influx: 543	infected: 168
Land on rank  6, month  8 	influx: 533	infected: 146

		    Timer report: month  9    
Land on rank  3, month  9 	influx: 435	infected: 198
Land on rank  4, month  9 	influx: 391	infected: 178
Land on rank  7, month  9 	influx: 434	infected: 186
Land on rank 12, month  9 	influx: 418	infected: 189
Land on rank 13, month  9 	influx: 386	infected: 176
Land on rank  6, month  9 	influx: 395	infected: 188
Land on rank  5, month  9 	influx: 429	infected: 195
Land on rank 14, month  9 	influx: 464	infected: 205
Land on rank 10, month  9 	influx: 447	infected: 187
Land on rank  2, month  9 	influx: 411	infected: 186
Land on rank 16, month  9 	influx: 435	infected: 199
Land on rank  8, month  9 	influx: 406	infected: 177
Land on rank 11, month  9 	influx: 436	infected: 225
Land on rank 15, month  9 	influx: 413	infected: 180
Land on rank 17, month  9 	influx: 397	infected: 177
Land on rank  9, month  9 	influx: 406	infected: 173

		    Timer report: month 10    
Land on rank  2, month 10 	influx: 277	infected: 162
Land on rank  5, month 10 	influx: 282	infected: 179
Land on rank  8, month 10 	influx: 252	infected: 149
Land on rank  9, month 10 	influx: 253	infected: 156
Land on rank 11, month 10 	influx: 271	infected: 175
Land on rank 12, month 10 	influx: 252	infected: 156
Land on rank 14, month 10 	influx: 302	infected: 187
Land on rank 15, month 10 	influx: 256	infected: 151
Land on rank 16, month 10 	influx: 279	infected: 170
Land on rank 13, month 10 	influx: 228	infected: 145
Land on rank  3, month 10 	influx: 284	infected: 182
Land on rank 17, month 10 	influx: 256	infected: 160
Land on rank  6, month 10 	influx: 244	infected: 154
Land on rank  7, month 10 	influx: 275	infected: 157
Land on rank 10, month 10 	influx: 277	infected: 156
Land on rank  4, month 10 	influx: 237	infected: 147

		    Timer report: month 11    
Land on rank  8, month 11 	influx: 95	infected: 73
Land on rank 10, month 11 	influx: 119	infected: 88
Land on rank 11, month 11 	influx: 117	infected: 97
Land on rank 13, month 11 	influx: 106	infected: 83
Land on rank 16, month 11 	influx: 138	infected: 112
Land on rank  3, month 11 	influx: 132	infected: 105
Land on rank 12, month 11 	influx: 108	infected: 92
Land on rank  9, month 11 	influx: 121	infected: 103
Land on rank  5, month 11 	influx: 126	infected: 112
Land on rank 15, month 11 	influx: 120	infected: 97
Land on rank  7, month 11 	influx: 126	infected: 102
Land on rank  2, month 11 	influx: 109	infected: 92
Land on rank  4, month 11 	influx: 95	infected: 83
Land on rank  6, month 11 	influx: 109	infected: 91
Land on rank 17, month 11 	influx: 105	infected: 82
Land on rank 14, month 11 	influx: 139	infected: 118

		    Timer report: month 12    
Land on rank  5, month 12 	influx: 30	infected: 28
Land on rank  3, month 12 	influx: 36	infected: 31
Land on rank  6, month 12 	influx: 30	infected: 26
Land on rank 16, month 12 	influx: 38	infected: 36
Land on rank  2, month 12 	influx: 28	infected: 25
Land on rank  7, month 12 	influx: 28	infected: 23
Land on rank  9, month 12 	influx: 29	infected: 26
Land on rank 14, month 12 	influx: 41	infected: 39
Land on rank 11, month 12 	influx: 31	infected: 25
Land on rank 13, month 12 	influx: 24	infected: 17
Land on rank 15, month 12 	influx: 36	infected: 33
Land on rank  8, month 12 	influx: 22	infected: 20
Land on rank 10, month 12 	influx: 31	infected: 26
Land on rank 12, month 12 	influx: 26	infected: 24
Land on rank 17, month 12 	influx: 30	infected: 26
Land on rank  4, month 12 	influx: 28	infected: 26

		    Timer report: month 13    
Land on rank  5, month 13 	influx:  6	infected:  4
Land on rank  9, month 13 	influx:  6	infected:  5
Land on rank 10, month 13 	influx:  8	infected:  7
Land on rank 13, month 13 	influx:  8	infected:  4
Land on rank  3, month 13 	influx: 13	infected: 10
Land on rank  6, month 13 	influx: 12	infected: 10
Land on rank 12, month 13 	influx:  9	infected:  8
Land on rank 14, month 13 	influx: 10	infected: 10
Land on rank 11, month 13 	influx: 14	infected:  9
Land on rank 15, month 13 	influx: 11	infected: 10
Land on rank  4, month 13 	influx:  5	infected:  5
Land on rank  2, month 13 	influx:  5	infected:  5
Land on rank  7, month 13 	influx:  7	infected:  5
Land on rank  8, month 13 	influx:  2	infected:  2
Land on rank 17, month 13 	influx: 10	infected:  7
Land on rank 16, month 13 	influx: 11	infected: 10

		    Timer report: month 14    
Land on rank  2, month 14 	influx:  0	infected:  0
Land on rank  5, month 14 	influx:  1	infected:  1
Land on rank  6, month 14 	influx:  0	infected:  0
Land on rank  8, month 14 	influx:  1	infected:  1
Land on rank 10, month 14 	influx:  4	infected:  4
Land on rank 11, month 14 	influx:  1	infected:  1
Land on rank 14, month 14 	influx:  2	infected:  2
Land on rank 12, month 14 	influx:  3	infected:  3
Land on rank  4, month 14 	influx:  0	infected:  0
Land on rank  7, month 14 	influx:  0	infected:  0
Land on rank  3, month 14 	influx:  2	infected:  2
Land on rank 15, month 14 	influx:  0	infected:  0
Land on rank 17, month 14 	influx:  2	infected:  2
Land on rank  9, month 14 	influx:  0	infected:  0
Land on rank 16, month 14 	influx:  4	infected:  4
Land on rank 13, month 14 	influx:  0	infected:  0

		    Timer report: month 15    
Land on rank  2, month 15 	influx:  0	infected:  0
Land on rank  3, month 15 	influx:  0	infected:  0
Land on rank  9, month 15 	influx:  0	infected:  0
Land on rank 11, month 15 	influx:  0	infected:  0
Land on rank 13, month 15 	influx:  0	infected:  0
Land on rank  5, month 15 	influx:  0	infected:  0
Land on rank  8, month 15 	influx:  0	infected:  0
Land on rank  6, month 15 	influx:  0	infected:  0
Land on rank  7, month 15 	influx:  0	infected:  0
Land on rank 14, month 15 	influx:  0	infected:  0
Land on rank 16, month 15 	influx:  0	infected:  0
Land on rank 12, month 15 	influx:  0	infected:  0
Land on rank  4, month 15 	influx:  0	infected:  0
Land on rank 15, month 15 	influx:  0	infected:  0
Land on rank 17, month 15 	influx:  0	infected:  0
Land on rank 10, month 15 	influx:  0	infected:  0

		    Timer report: month 16    
Land on rank  4, month 16 	influx:  0	infected:  0
Land on rank  5, month 16 	influx:  0	infected:  0
Land on rank  7, month 16 	influx:  0	infected:  0
Land on rank  8, month 16 	influx:  0	infected:  0
Land on rank 10, month 16 	influx:  0	infected:  0
Land on rank 15, month 16 	influx:  0	infected:  0
Land on rank  9, month 16 	influx:  0	infected:  0
Land on rank 13, month 16 	influx:  0	infected:  0
Land on rank  2, month 16 	influx:  0	infected:  0
Land on rank 12, month 16 	influx:  0	infected:  0
Land on rank 16, month 16 	influx:  0	infected:  0
Land on rank 14, month 16 	influx:  0	infected:  0
Land on rank  6, month 16 	influx:  0	infected:  0
Land on rank 11, month 16 	influx:  0	infected:  0
Land on rank 17, month 16 	influx:  0	infected:  0
Land on rank  3, month 16 	influx:  0	infected:  0

		    Timer report: month 17    
Land on rank  5, month 17 	influx:  0	infected:  0
Land on rank  8, month 17 	influx:  0	infected:  0
Land on rank  9, month 17 	influx:  0	infected:  0
Land on rank 13, month 17 	influx:  0	infected:  0
Land on rank 17, month 17 	influx:  0	infected:  0
Land on rank 16, month 17 	influx:  0	infected:  0
Land on rank 11, month 17 	influx:  0	infected:  0
Land on rank  4, month 17 	influx:  0	infected:  0
Land on rank  6, month 17 	influx:  0	infected:  0
Land on rank  2, month 17 	influx:  0	infected:  0
Land on rank  3, month 17 	influx:  0	infected:  0
Land on rank 10, month 17 	influx:  0	infected:  0
Land on rank 12, month 17 	influx:  0	infected:  0
Land on rank  7, month 17 	influx:  0	infected:  0
Land on rank 15, month 17 	influx:  0	infected:  0
Land on rank 14, month 17 	influx:  0	infected:  0

		    Timer report: month 18    
Land on rank  3, month 18 	influx:  0	infected:  0
Land on rank  5, month 18 	influx:  0	infected:  0
Land on rank  9, month 18 	influx:  0	infected:  0
Land on rank 10, month 18 	influx:  0	infected:  0
Land on rank 17, month 18 	influx:  0	infected:  0
Land on rank  4, month 18 	influx:  0	infected:  0
Land on rank 12, month 18 	influx:  0	infected:  0
Land on rank  2, month 18 	influx:  0	infected:  0
Land on rank  7, month 18 	influx:  0	infected:  0
Land on rank 15, month 18 	influx:  0	infected:  0
Land on rank 16, month 18 	influx:  0	infected:  0
Land on rank  6, month 18 	influx:  0	infected:  0
Land on rank 11, month 18 	influx:  0	infected:  0
Land on rank 14, month 18 	influx:  0	infected:  0
Land on rank  8, month 18 	influx:  0	infected:  0
Land on rank 13, month 18 	influx:  0	infected:  0

		    Timer report: month 19    
Land on rank  2, month 19 	influx:  0	infected:  0
Land on rank  3, month 19 	influx:  0	infected:  0
Land on rank  5, month 19 	influx:  0	infected:  0
Land on rank  7, month 19 	influx:  0	infected:  0
Land on rank  9, month 19 	influx:  0	infected:  0
Land on rank 12, month 19 	influx:  0	infected:  0
Land on rank 13, month 19 	influx:  0	infected:  0
Land on rank 15, month 19 	influx:  0	infected:  0
Land on rank  4, month 19 	influx:  0	infected:  0
Land on rank 11, month 19 	influx:  0	infected:  0
Land on rank  8, month 19 	influx:  0	infected:  0
Land on rank 16, month 19 	influx:  0	infected:  0
Land on rank  6, month 19 	influx:  0	infected:  0
Land on rank 14, month 19 	influx:  0	infected:  0
Land on rank 17, month 19 	influx:  0	infected:  0
Land on rank 10, month 19 	influx:  0	infected:  0

		    Timer report: month 20    
Land on rank  9, month 20 	influx:  0	infected:  0
Land on rank 14, month 20 	influx:  0	infected:  0
Land on rank 15, month 20 	influx:  0	infected:  0
Land on rank 16, month 20 	influx:  0	infected:  0
Land on rank  4, month 20 	influx:  0	infected:  0
Land on rank  8, month 20 	influx:  0	infected:  0
Land on rank  3, month 20 	influx:  0	infected:  0
Land on rank  5, month 20 	influx:  0	infected:  0
Land on rank 10, month 20 	influx:  0	infected:  0
Land on rank  6, month 20 	influx:  0	infected:  0
Land on rank  2, month 20 	influx:  0	infected:  0
Land on rank  7, month 20 	influx:  0	infected:  0
Land on rank 12, month 20 	influx:  0	infected:  0
Land on rank 17, month 20 	influx:  0	infected:  0
Land on rank 11, month 20 	influx:  0	infected:  0
Land on rank 13, month 20 	influx:  0	infected:  0
	FINISHED: Simulation Stoped. Population: 0
Parameters read
34	16	100	1	20
Simulation started
Initialise 34 🐿️
Timer on 1 READY, simulation length: 20
CTRL on 18 READY

		    Timer report: month  1    
Land on rank  6, month  1 	influx: 92	infected:  0
Land on rank 10, month  1 	influx: 115	infected: 12
Land on rank  2, month  1 	influx: 109	infected:  6
Land on rank 12, month  1 	influx: 81	infected:  3
Land on rank 15, month  1 	influx: 110	infected:  3
Land on rank 17, month  1 	influx: 87	infected:  0
Land on rank  5, month  1 	influx: 105	infected:  4
Land on rank 14, month  1 	influx: 88	infected:  1
Land on rank 16, month  1 	influx: 114	infected:  2
Land on rank  3, month  1 	influx: 96	infected:  0
Land on rank  8, month  1 	influx: 116	infected:  5
Land on rank  7, month  1 	influx: 105	infected:  4
Land on rank 11, month  1 	influx: 108	infected:  2
Land on rank  9, month  1 	influx: 125	infected:  6
Land on rank 13, month  1 	influx: 105	infected:  2
Land on rank  4, month  1 	influx: 90	infected:  3

		    Timer report: month  2    
Land on rank  2, month  2 	influx: 251	infected:  6
Land on rank  6, month  2 	influx: 240	infected:  0
Land on rank  8, month  2 	influx: 246	infected:  5
Land on rank 10, month  2 	influx: 242	infected: 12
Land on rank 14, month  2 	influx: 213	infected:  1
Land on rank 15, month  2 	influx: 222	infected:  3
Land on rank 17, month  2 	influx: 207	infected:  0
Land on rank 16, month  2 	influx: 238	infected:  2
Land on rank  5, month  2 	influx: 239	infected:  4
Land on rank 11, month  2 	influx: 223	infected:  2
Land on rank 12, month  2 	influx: 219	infected:  3
Land on rank  7, month  2 	influx: 228	infected:  4
Land on rank 13, month  2 	influx: 221	infected:  2
Land on rank  9, month  2 	influx: 275	infected:  6
Land on rank  3, month  2 	influx: 209	infected:  0
Land on rank  4, month  2 	influx: 228	infected:  3

		    Timer report: month  3    
Land on rank  3, month  3 	influx: 359	infected:  3
Land on rank  6, month  3 	influx: 382	infected:  4
Land on rank  9, month  3 	influx: 395	infected:  7
Land on rank 11, month  3 	influx: 349	infected:  6
Land on rank 15, month  3 	influx: 365	infected:  4
Land on rank 16, month  3 	influx: 381	infected:  7
Land on rank 12, month  3 	influx: 350	infected:  7
Land on rank 13, month  3 	influx: 357	infected:  6
Land on rank 17, month  3 	influx: 363	infected:  7
Land on rank 10, month  3 	influx: 358	infected: 14
Land on rank  5, month  3 	influx: 382	infected:  8
Land on rank  4, month  3 	influx: 354	infected:  4
Land on rank  8, month  3 	influx: 370	infected:  9
Land on rank 14, month  3 	influx: 351	infected:  3
Land on rank  2, month  3 	influx: 392	infected:  8
Land on rank  7, month  3 	influx: 376	infected: 10

		    Timer report: month  4    
Land on rank  7, month  4 	influx: 426	infected:  8
Land on rank  2, month  4 	influx: 445	infected:  5
Land on rank  6, month  4 	influx: 433	infected: 10
Land on rank 11, month  4 	influx: 403	infected:  5
Land on rank 15, month  4 	influx: 404	infected:  2
Land on rank 12, month  4 	influx: 428	infected:  4
Land on rank  9, month  4 	influx: 403	infected:  3
Land on rank  5, month  4 	influx: 435	infected:  8
Land on rank  8, month  4 	influx: 398	infected:  7
Land on rank 10, month  4 	influx: 396	infected:  5
Land on rank 16, month  4 	influx: 436	infected:  7
Land on rank 17, month  4 	influx: 422	infected: 11
Land on rank  3, month  4 	influx: 429	infected:  5
Land on rank 14, month  4 	influx: 403	infected:  4
Land on rank 13, month  4 	influx: 392	infected:  4
Land on rank  4, month  4 	influx: 430	infected:  2

		    Timer report: month  5    
Land on rank  2, month  5 	influx: 480	infected: 13
Land on rank  3, month  5 	influx: 482	infected: 15
Land on rank  8, month  5 	influx: 455	infected: 14
Land on rank 12, month  5 	influx: 489	infected: 16
Land on rank 15, month  5 	influx: 475	infected: 13
Land on rank  5, month  5 	influx: 489	infected: 18
Land on rank  9, month  5 	influx: 449	infected: 11
Land on rank 11, month  5 	influx: 465	infected: 13
Land on rank  4, month  5 	influx: 461	infected:  8
Land on rank 17, month  5 	influx: 462	infected: 17
Land on rank  6, month  5 	influx: 447	infected: 14
Land on rank 10, month  5 	influx: 428	infected: 11
Land on rank 14, month  5 	influx: 438	infected: 10
Land on rank 16, month  5 	influx: 502	infected: 18
Land on rank  7, month  5 	influx: 490	infected: 15
Land on rank 13, month  5 	influx: 443	infected: 10

		    Timer report: month  6    
Land on rank  3, month  6 	influx: 524	infected: 26
Land on rank  4, month  6 	influx: 547	infected: 35
Land on rank  6, month  6 	influx: 528	infected: 31
Land on rank  8, month  6 	influx: 529	infected: 32
Land on rank 11, month  6 	influx: 545	infected: 29
Land on rank 13, month  6 	influx: 504	infected: 31
Land on rank 16, month  6 	influx: 558	infected: 31
Land on rank  2, month  6 	influx: 549	infected: 32
Land on rank 15, month  6 	influx: 546	infected: 36
Land on rank  7, month  6 	influx: 551	infected: 42
Land on rank 12, month  6 	influx: 543	infected: 30
Land on rank 14, month  6 	influx: 527	infected: 24
Land on rank 10, month  6 	influx: 509	infected: 30
Land on rank 17, month  6 	influx: 489	infected: 25
Land on rank  5, month  6 	influx: 535	infected: 30
Land on rank  9, month  6 	influx: 578	infected: 36

		    Timer report: month  7    
Land on rank  2, month  7 	influx: 572	infected: 81
Land on rank  3, month  7 	influx: 556	infected: 74
Land on rank  7, month  7 	influx: 594	infected: 90
Land on rank  8, month  7 	influx: 552	infected: 76
Land on rank  9, month  7 	influx: 642	infected: 77
Land on rank 13, month  7 	influx: 531	infected: 71
Land on rank  5, month  7 	influx: 541	infected: 62
Land on rank 16, month  7 	influx: 564	infected: 78
Land on rank 11, month  7 	influx: 590	infected: 66
Land on rank  4, month  7 	influx: 563	infected: 76
Land on rank 15, month  7 	influx: 581	infected: 79
Land on rank 14, month  7 	influx: 574	infected: 62
Land on rank  6, month  7 	influx: 558	infected: 68
Land on rank 17, month  7 	influx: 523	infected: 68
Land on rank 10, month  7 	influx: 557	infected: 77
Land on rank 12, month  7 	influx: 563	infected: 83

		    Timer report: month  8    
Land on rank  2, month  8 	influx: 526	infected: 124
Land on rank 10, month  8 	influx: 525	infected: 127
Land on rank 17, month  8 	influx: 503	infected: 125
Land on rank 12, month  8 	influx: 495	infected: 135
Land on rank  5, month  8 	influx: 519	infected: 122
Land on rank 11, month  8 	influx: 572	infected: 140
Land on rank  3, month  8 	influx: 528	infected: 133
Land on rank  9, month  8 	influx: 583	infected: 125
Land on rank 15, month  8 	influx: 536	infected: 125
Land on rank  4, month  8 	influx: 516	infected: 130
Land on rank 16, month  8 	influx: 509	infected: 118
Land on rank  8, month  8 	influx: 494	infected: 126
Land on rank  7, month  8 	influx: 557	infected: 141
Land on rank 14, month  8 	influx: 559	infected: 125
Land on rank  6, month  8 	influx: 544	infected: 131
Land on rank 13, month  8 	influx: 497	infected: 135

		    Timer report: month  9    
Land on rank  2, month  9 	influx: 410	infected: 173
Land on rank  4, month  9 	influx: 394	infected: 175
Land on rank  6, month  9 	influx: 414	infected: 188
Land on rank  8, month  9 	influx: 410	infected: 181
Land on rank 12, month  9 	influx: 397	infected: 184
Land on rank 13, month  9 	influx: 384	infected: 172
Land on rank 14, month  9 	influx: 421	infected: 174
Land on rank 15, month  9 	influx: 416	infected: 177
Land on rank 17, month  9 	influx: 423	infected: 191
Land on rank  5, month  9 	influx: 420	infected: 179
Land on rank 10, month  9 	influx: 418	infected: 165
Land on rank  7, month  9 	influx: 452	infected: 184
Land on rank  9, month  9 	influx: 414	infected: 158
Land on rank 16, month  9 	influx: 406	infected: 174
Land on rank 11, month  9 	influx: 456	infected: 196
Land on rank  3, month  9 	influx: 451	infected: 210

		    Timer report: month 10    
Land on rank  6, month 10 	influx: 262	infected: 161
Land on rank  7, month 10 	influx: 285	infected: 158
Land on rank 10, month 10 	influx: 253	infected: 138
Land on rank 11, month 10 	influx: 290	infected: 187
Land on rank 12, month 10 	influx: 246	infected: 154
Land on rank 14, month 10 	influx: 266	infected: 159
Land on rank 15, month 10 	influx: 266	infected: 157
Land on rank 17, month 10 	influx: 262	infected: 158
Land on rank  4, month 10 	influx: 250	infected: 162
Land on rank 16, month 10 	influx: 262	infected: 144
Land on rank  2, month 10 	influx: 248	infected: 137
Land on rank  9, month 10 	influx: 252	infected: 143
Land on rank  3, month 10 	influx: 286	infected: 185
Land on rank  5, month 10 	influx: 281	infected: 163
Land on rank  8, month 10 	influx: 269	infected: 153
Land on rank 13, month 10 	influx: 255	infected: 163

		    Timer report: month 11    
Land on rank  3, month 11 	influx: 159	infected: 121
Land on rank  4, month 11 	influx: 141	infected: 114
Land on rank  8, month 11 	influx: 153	infected: 105
Land on rank 10, month 11 	influx: 134	infected: 86
Land on rank 12, month 11 	influx: 127	infected: 98
Land on rank 13, month 11 	influx: 130	infected: 100
Land on rank 14, month 11 	influx: 130	infected: 98
Land on rank 15, month 11 	influx: 136	infected: 106
Land on rank  9, month 11 	influx: 131	infected: 97
Land on rank  2, month 11 	influx: 127	infected: 94
Land on rank  5, month 11 	influx: 124	infected: 101
Land on rank  7, month 11 	influx: 146	infected: 109
Land on rank  6, month 11 	influx: 130	infected: 107
Land on rank 11, month 11 	influx: 145	infected: 114
Land on rank 16, month 11 	influx: 143	infected: 106
Land on rank 17, month 11 	influx: 135	infected: 102

		    Timer report: month 12    
Land on rank 10, month 12 	influx: 51	infected: 31
Land on rank 12, month 12 	influx: 46	infected: 34
Land on rank 14, month 12 	influx: 50	infected: 39
Land on rank 16, month 12 	influx: 52	infected: 34
Land on rank 11, month 12 	influx: 65	infected: 44
Land on rank  2, month 12 	influx: 44	infected: 31
Land on rank  6, month 12 	influx: 44	infected: 32
Land on rank  7, month 12 	influx: 51	infected: 39
Land on rank  8, month 12 	influx: 46	infected: 33
Land on rank 15, month 12 	influx: 52	infected: 36
Land on rank 17, month 12 	influx: 39	infected: 28
Land on rank  9, month 12 	influx: 56	infected: 42
Land on rank  5, month 12 	influx: 43	infected: 33
Land on rank  4, month 12 	influx: 59	infected: 48
Land on rank  3, month 12 	influx: 54	infected: 37
Land on rank 13, month 12 	influx: 49	infected: 40

		    Timer report: month 13    
Land on rank  7, month 13 	influx: 22	infected: 17
Land on rank 16, month 13 	influx: 25	infected: 19
Land on rank 11, month 13 	influx: 25	infected: 16
Land on rank 17, month 13 	influx: 23	infected: 17
Land on rank  5, month 13 	influx: 19	infected: 14
Land on rank  2, month 13 	influx: 25	infected: 19
Land on rank 15, month 13 	influx: 24	infected: 18
Land on rank  4, month 13 	influx: 23	infected: 21
Land on rank  9, month 13 	influx: 25	infected: 18
Land on rank 14, month 13 	influx: 24	infected: 20
Land on rank 13, month 13 	influx: 12	infected: 10
Land on rank  3, month 13 	influx: 27	infected: 18
Land on rank 12, month 13 	influx: 21	infected: 14
Land on rank  8, month 13 	influx: 25	infected: 19
Land on rank 10, month 13 	influx: 18	infected: 11
Land on rank  6, month 13 	influx: 25	infected: 18

		    Timer report: month 14    
Land on rank  2, month 14 	influx: 15	infected: 11
Land on rank  4, month 14 	influx: 10	infected:  9
Land on rank  6, month 14 	influx:  9	infected:  5
Land on rank  8, month 14 	influx: 12	infected: 10
Land on rank 10, month 14 	influx: 10	infected:  7
Land on rank 11, month 14 	influx: 11	infected:  7
Land on rank 13, month 14 	influx:  4	infected:  3
Land on rank  9, month 14 	influx:  9	infected:  8
Land on rank  5, month 14 	influx: 10	infected:  6
Land on rank 15, month 14 	influx: 16	infected: 12
Land on rank  7, month 14 	influx: 11	infected:  8
Land on rank 14, month 14 	influx: 15	infected: 12
Land on rank  3, month 14 	influx: 16	infected: 13
Land on rank 12, month 14 	influx:  9	infected:  6
Land on rank 16, month 14 	influx:  9	infected:  6
Land on rank 17, month 14 	influx: 10	infected: 10

		    Timer report: month 15    
Land on rank 16, month 15 	influx:  4	infected:  4
Land on rank 17, month 15 	influx:  3	infected:  3
Land on rank  2, month 15 	influx:  4	infected:  4
Land on rank  5, month 15 	influx:  1	infected:  1
Land on rank 11, month 15 	influx:  1	infected:  1
Land on rank 12, month 15 	influx:  3	infected:  3
Land on rank  7, month 15 	influx:  2	infected:  2
Land on rank  4, month 15 	influx:  2	infected:  2
Land on rank 14, month 15 	influx:  6	infected:  6
Land on rank  9, month 15 	influx:  4	infected:  4
Land on rank 15, month 15 	influx:  6	infected:  6
Land on rank  8, month 15 	influx:  5	infected:  5
Land on rank  3, month 15 	influx:  6	infected:  6
Land on rank 10, month 15 	influx:  3	infected:  3
Land on rank 13, month 15 	influx:  1	infected:  1
Land on rank  6, month 15 	influx:  2	infected:  2

		    Timer report: month 16    
Land on rank  4, month 16 	influx:  0	infected:  0
Land on rank  7, month 16 	influx:  0	infected:  0
Land on rank 10, month 16 	influx:  0	infected:  0
Land on rank 11, month 16 	influx:  0	infected:  0
Land on rank 13, month 16 	influx:  0	infected:  0
Land on rank 14, month 16 	influx:  0	infected:  0
Land on rank 17, month 16 	influx:  0	infected:  0
Land on rank  5, month 16 	influx:  0	infected:  0
Land on rank 12, month 16 	influx:  0	infected:  0
Land on rank 16, month 16 	influx:  0	infected:  0
Land on rank  2, month 16 	influx:  0	infected:  0
Land on rank  3, month 16 	influx:  0	infected:  0
Land on rank  8, month 16 	influx:  0	infected:  0
Land on rank 15, month 16 	influx:  0	infected:  0
Land on rank  6, month 16 	influx:  0	infected:  0
Land on rank  9, month 16 	influx:  0	infected:  0

		    Timer report: month 17    
Land on rank  3, month 17 	influx:  0	infected:  0
Land on rank 13, month 17 	influx:  0	infected:  0
Land on rank 16, month 17 	influx:  0	infected:  0
Land on rank 10, month 17 	influx:  0	infected:  0
Land on rank 14, month 17 	influx:  0	infected:  0
Land on rank 15, month 17 	influx:  0	infected:  0
Land on rank 17, month 17 	influx:  0	infected:  0
Land on rank  5, month 17 	influx:  0	infected:  0
Land on rank  7, month 17 	influx:  0	infected:  0
Land on rank  4, month 17 	influx:  0	infected:  0
Land on rank 11, month 17 	influx:  0	infected:  0
Land on rank  6, month 17 	influx:  0	infected:  0
Land on rank  2, month 17 	influx:  0	infected:  0
Land on rank  9, month 17 	influx:  0	infected:  0
Land on rank 12, month 17 	influx:  0	infected:  0
Land on rank  8, month 17 	influx:  0	infected:  0

		    Timer report: month 18    
Land on rank  7, month 18 	influx:  0	infected:  0
Land on rank 12, month 18 	influx:  0	infected:  0
Land on rank  9, month 18 	influx:  0	infected:  0
Land on rank 13, month 18 	influx:  0	infected:  0
Land on rank  4, month 18 	influx:  0	infected:  0
Land on rank 14, month 18 	influx:  0	infected:  0
Land on rank 11, month 18 	influx:  0	infected:  0
Land on rank  5, month 18 	influx:  0	infected:  0
Land on rank 10, month 18 	influx:  0	infected:  0
Land on rank  2, month 18 	influx:  0	infected:  0
Land on rank  8, month 18 	influx:  0	infected:  0
Land on rank 15, month 18 	influx:  0	infected:  0
Land on rank  6, month 18 	influx:  0	infected:  0
Land on rank 17, month 18 	influx:  0	infected:  0
Land on rank 16, month 18 	influx:  0	infected:  0
Land on rank  3, month 18 	influx:  0	infected:  0

		    Timer report: month 19    
Land on rank  2, month 19 	influx:  0	infected:  0
Land on rank  5, month 19 	influx:  0	infected:  0
Land on rank 11, month 19 	influx:  0	infected:  0
Land on rank 13, month 19 	influx:  0	infected:  0
Land on rank 14, month 19 	influx:  0	infected:  0
Land on rank 16, month 19 	influx:  0	infected:  0
Land on rank  4, month 19 	influx:  0	infected:  0
Land on rank  3, month 19 	influx:  0	infected:  0
Land on rank  9, month 19 	influx:  0	infected:  0
Land on rank 15, month 19 	influx:  0	infected:  0
Land on rank  8, month 19 	influx:  0	infected:  0
Land on rank 17, month 19 	influx:  0	infected:  0
Land on rank  7, month 19 	influx:  0	infected:  0
Land on rank 12, month 19 	influx:  0	infected:  0
Land on rank  6, month 19 	influx:  0	infected:  0
Land on rank 10, month 19 	influx:  0	infected:  0

		    Timer report: month 20    
Land on rank  3, month 20 	influx:  0	infected:  0
Land on rank  4, month 20 	influx:  0	infected:  0
Land on rank  7, month 20 	influx:  0	infected:  0
Land on rank  8, month 20 	influx:  0	infected:  0
Land on rank 13, month 20 	influx:  0	infected:  0
Land on rank 16, month 20 	influx:  0	infected:  0
Land on rank 11, month 20 	influx:  0	infected:  0
Land on rank 12, month 20 	influx:  0	infected:  0
Land on rank  9, month 20 	influx:  0	infected:  0
Land on rank  2, month 20 	influx:  0	infected:  0
Land on rank  5, month 20 	influx:  0	infected:  0
Land on rank 10, month 20 	influx:  0	infected:  0
Land on rank 14, month 20 	influx:  0	infected:  0
Land on rank 15, month 20 	influx:  0	infected:  0
Land on rank  6, month 20 	influx:  0	infected:  0
Land on rank 17, month 20 	influx:  0	infected:  0
	FINISHED: Simulation Stoped. Population: 0
Parameters read
34	16	100	1	20
Simulation started
Initialise 34 🐿️
Timer on 1 READY, simulation length: 20
CTRL on 18 READY

		    Timer report: month  1    
Land on rank  5, month  1 	influx: 116	infected:  4
Land on rank  8, month  1 	influx: 117	infected:  4
Land on rank 11, month  1 	influx: 113	infected:  2
Land on rank 10, month  1 	influx: 113	infected: 11
Land on rank 14, month  1 	influx: 93	infected:  1
Land on rank 16, month  1 	influx: 109	infected:  2
Land on rank 12, month  1 	influx: 80	infected:  2
Land on rank 15, month  1 	influx: 109	infected:  3
Land on rank 13, month  1 	influx: 106	infected:  2
Land on rank  2, month  1 	influx: 119	infected:  5
Land on rank  4, month  1 	influx: 94	infected:  3
Land on rank 17, month  1 	influx: 90	infected:  0
Land on rank  3, month  1 	influx: 104	infected:  0
Land on rank  6, month  1 	influx: 92	infected:  0
Land on rank  9, month  1 	influx: 131	infected:  5
Land on rank  7, month  1 	influx: 108	infected:  3

		    Timer report: month  2    
Land on rank  3, month  2 	influx: 178	infected:  0
Land on rank  6, month  2 	influx: 210	infected:  0
Land on rank  9, month  2 	influx: 244	infected:  6
Land on rank 14, month  2 	influx: 188	infected:  1
Land on rank 13, month  2 	influx: 206	infected:  2
Land on rank  2, month  2 	influx: 216	infected:  6
Land on rank 10, month  2 	influx: 219	infected: 12
Land on rank 11, month  2 	influx: 196	infected:  2
Land on rank  4, month  2 	influx: 197	infected:  3
Land on rank  5, month  2 	influx: 206	infected:  4
Land on rank  8, month  2 	influx: 212	infected:  5
Land on rank  7, month  2 	influx: 203	infected:  4
Land on rank 12, month  2 	influx: 187	infected:  3
Land on rank 17, month  2 	influx: 172	infected:  0
Land on rank 16, month  2 	influx: 216	infected:  2
Land on rank 15, month  2 	influx: 195	infected:  3

		    Timer report: month  3    
Land on rank  7, month  3 	influx: 346	infected: 10
Land on rank  8, month  3 	influx: 338	infected:  9
Land on rank 10, month  3 	influx: 358	infected: 14
Land on rank 14, month  3 	influx: 330	infected:  2
Land on rank 15, month  3 	influx: 329	infected:  4
Land on rank  4, month  3 	influx: 323	infected:  4
Land on rank 12, month  3 	influx: 324	infected:  7
Land on rank 11, month  3 	influx: 336	infected:  6
Land on rank 16, month  3 	influx: 359	infected:  7
Land on rank 17, month  3 	influx: 324	infected:  7
Land on rank  9, month  3 	influx: 374	infected:  7
Land on rank  6, month  3 	influx: 358	infected:  4
Land on rank  2, month  3 	influx: 367	infected:  8
Land on rank  5, month  3 	influx: 347	infected:  8
Land on rank 13, month  3 	influx: 338	infected:  5
Land on rank  3, month  3 	influx: 339	infected:  3

		    Timer report: month  4    
Land on rank  6, month  4 	influx: 410	infected:  6
Land on rank  7, month  4 	influx: 368	infected:  9
Land on rank 10, month  4 	influx: 392	infected:  4
Land on rank 11, month  4 	influx: 345	infected:  4
Land on rank 14, month  4 	influx: 377	infected:  3
Land on rank 16, month  4 	influx: 430	infected:  6
Land on rank 13, month  4 	influx: 379	infected:  4
Land on rank  2, month  4 	influx: 399	infected:  5
Land on rank  4, month  4 	influx: 373	infected:  1
Land on rank 12, month  4 	influx: 397	infected:  5
Land on rank 15, month  4 	influx: 370	infected:  2
Land on rank 17, month  4 	influx: 363	infected:  9
Land on rank  5, month  4 	influx: 372	infected:  5
Land on rank  8, month  4 	influx: 371	infected:  8
Land on rank  3, month  4 	influx: 378	infected:  3
Land on rank  9, month  4 	influx: 384	infected:  3

		    Timer report: month  5    
Land on rank  5, month  5 	influx: 428	infected: 14
Land on rank  8, month  5 	influx: 425	infected: 11
Land on rank  9, month  5 	influx: 441	infected: 13
Land on rank 16, month  5 	influx: 483	infected: 15
Land on rank  4, month  5 	influx: 448	infected: 11
Land on rank 11, month  5 	influx: 410	infected: 11
Land on rank  7, month  5 	influx: 433	infected: 16
Land on rank 13, month  5 	influx: 411	infected: 12
Land on rank 17, month  5 	influx: 429	infected: 16
Land on rank  6, month  5 	influx: 450	infected: 19
Land on rank 12, month  5 	influx: 437	infected: 14
Land on rank  3, month  5 	influx: 461	infected: 11
Land on rank 14, month  5 	influx: 455	infected: 12
Land on rank 10, month  5 	influx: 432	infected: 12
Land on rank  2, month  5 	influx: 459	infected: 14
Land on rank 15, month  5 	influx: 431	infected: 10

		    Timer report: month  6    
Land on rank  3, month  6 	influx: 463	infected: 22
Land on rank  7, month  6 	influx: 454	infected: 24
Land on rank  8, month  6 	influx: 477	infected: 23
Land on rank 11, month  6 	influx: 442	infected: 17
Land on rank 12, month  6 	influx: 462	infected: 20
Land on rank  4, month  6 	influx: 477	infected: 18
Land on rank 15, month  6 	influx: 475	infected: 19
Land on rank  6, month  6 	influx: 472	infected: 21
Land on rank  5, month  6 	influx: 479	infected: 18
Land on rank 16, month  6 	influx: 506	infected: 18
Land on rank  9, month  6 	influx: 507	infected: 25
Land on rank 13, month  6 	influx: 447	infected: 22
Land on rank 10, month  6 	influx: 457	infected: 19
Land on rank 14, month  6 	influx: 480	infected: 18
Land on rank  2, month  6 	influx: 491	infected: 22
Land on rank 17, month  6 	influx: 447	infected: 14

		    Timer report: month  7    
Land on rank 12, month  7 	influx: 503	infected: 59
Land on rank 13, month  7 	influx: 464	infected: 53
Land on rank  4, month  7 	influx: 491	infected: 51
Land on rank  9, month  7 	influx: 534	infected: 49
Land on rank 10, month  7 	influx: 478	infected: 50
Land on rank  6, month  7 	influx: 523	infected: 58
Land on rank 17, month  7 	influx: 483	infected: 43
Land on rank 16, month  7 	influx: 494	infected: 52
Land on rank  3, month  7 	influx: 503	infected: 58
Land on rank  8, month  7 	influx: 472	infected: 46
Land on rank  2, month  7 	influx: 525	infected: 63
Land on rank 14, month  7 	influx: 535	infected: 41
Land on rank 11, month  7 	influx: 508	infected: 55
Land on rank  5, month  7 	influx: 503	infected: 44
Land on rank 15, month  7 	influx: 498	infected: 54
Land on rank  7, month  7 	influx: 503	infected: 52

		    Timer report: month  8    
Land on rank 10, month  8 	influx: 524	infected: 102
Land on rank 14, month  8 	influx: 555	infected: 91
Land on rank 15, month  8 	influx: 516	infected: 111
Land on rank 12, month  8 	influx: 517	infected: 104
Land on rank  4, month  8 	influx: 480	infected: 102
Land on rank  8, month  8 	influx: 513	infected: 117
Land on rank 11, month  8 	influx: 555	infected: 132
Land on rank 17, month  8 	influx: 527	infected: 99
Land on rank  3, month  8 	influx: 541	infected: 119
Land on rank  2, month  8 	influx: 543	infected: 115
Land on rank  5, month  8 	influx: 512	infected: 86
Land on rank  7, month  8 	influx: 527	infected: 104
Land on rank 13, month  8 	influx: 499	infected: 99
Land on rank  6, month  8 	influx: 542	infected: 109
Land on rank  9, month  8 	influx: 562	infected: 95
Land on rank 16, month  8 	influx: 520	infected: 108

		    Timer report: month  9    
Land on rank  4, month  9 	influx: 442	infected: 162
Land on rank 15, month  9 	influx: 501	infected: 192
Land on rank  9, month  9 	influx: 474	infected: 155
Land on rank 17, month  9 	influx: 470	infected: 168
Land on rank 13, month  9 	influx: 451	infected: 168
Land on rank  8, month  9 	influx: 452	infected: 180
Land on rank  5, month  9 	influx: 434	infected: 156
Land on rank  3, month  9 	influx: 499	infected: 188
Land on rank  6, month  9 	influx: 494	infected: 186
Land on rank 12, month  9 	influx: 481	infected: 175
Land on rank 11, month  9 	influx: 509	infected: 196
Land on rank  7, month  9 	influx: 488	infected: 166
Land on rank 16, month  9 	influx: 495	infected: 184
Land on rank 10, month  9 	influx: 502	infected: 181
Land on rank 14, month  9 	influx: 508	infected: 159
Land on rank  2, month  9 	influx: 487	infected: 194

		    Timer report: month 10    
Land on rank  2, month 10 	influx: 354	infected: 194
Land on rank 11, month 10 	influx: 377	infected: 199
Land on rank 12, month 10 	influx: 347	infected: 185
Land on rank 13, month 10 	influx: 352	infected: 187
Land on rank 15, month 10 	influx: 391	infected: 209
Land on rank 16, month 10 	influx: 375	infected: 187
Land on rank  8, month 10 	influx: 367	infected: 207
Land on rank  9, month 10 	influx: 352	infected: 166
Land on rank  3, month 10 	influx: 396	infected: 215
Land on rank 14, month 10 	influx: 377	infected: 194
Land on rank  5, month 10 	influx: 321	infected: 169
Land on rank  7, month 10 	influx: 365	infected: 179
Land on rank 10, month 10 	influx: 382	infected: 191
Land on rank  6, month 10 	influx: 360	infected: 196
Land on rank 17, month 10 	influx: 355	infected: 177
Land on rank  4, month 10 	influx: 333	infected: 171

		    Timer report: month 11    
Land on rank  4, month 11 	influx: 175	infected: 119
Land on rank  5, month 11 	influx: 183	infected: 132
Land on rank  8, month 11 	influx: 194	infected: 148
Land on rank 11, month 11 	influx: 193	infected: 125
Land on rank 13, month 11 	influx: 198	infected: 145
Land on rank 15, month 11 	influx: 244	infected: 160
Land on rank 16, month 11 	influx: 207	infected: 139
Land on rank 12, month 11 	influx: 208	infected: 151
Land on rank 14, month 11 	influx: 196	infected: 146
Land on rank  7, month 11 	influx: 196	infected: 134
Land on rank 17, month 11 	influx: 178	infected: 127
Land on rank  6, month 11 	influx: 192	infected: 141
Land on rank  3, month 11 	influx: 218	infected: 163
Land on rank  9, month 11 	influx: 165	infected: 120
Land on rank 10, month 11 	influx: 203	infected: 143
Land on rank  2, month 11 	influx: 199	infected: 151

		    Timer report: month 12    
Land on rank  4, month 12 	influx: 58	infected: 51
Land on rank  5, month 12 	influx: 70	infected: 55
Land on rank  6, month 12 	influx: 71	infected: 59
Land on rank  7, month 12 	influx: 73	infected: 60
Land on rank 14, month 12 	influx: 79	infected: 74
Land on rank 15, month 12 	influx: 81	infected: 69
Land on rank 12, month 12 	influx: 83	infected: 71
Land on rank  9, month 12 	influx: 57	infected: 47
Land on rank  8, month 12 	influx: 79	infected: 71
Land on rank 13, month 12 	influx: 79	infected: 64
Land on rank 17, month 12 	influx: 66	infected: 54
Land on rank 10, month 12 	influx: 64	infected: 58
Land on rank  2, month 12 	influx: 72	infected: 62
Land on rank  3, month 12 	influx: 98	infected: 81
Land on rank 16, month 12 	influx: 70	infected: 59
Land on rank 11, month 12 	influx: 67	infected: 51

		    Timer report: month 13    
Land on rank  5, month 13 	influx: 18	infected: 15
Land on rank  6, month 13 	influx: 10	infected: 10
Land on rank 16, month 13 	influx: 22	infected: 21
Land on rank  2, month 13 	influx: 20	infected: 19
Land on rank 13, month 13 	influx: 14	infected: 13
Land on rank 15, month 13 	influx: 18	infected: 16
Land on rank 17, month 13 	influx: 16	infected: 14
Land on rank  8, month 13 	influx: 19	infected: 18
Land on rank 12, month 13 	influx: 23	infected: 22
Land on rank 11, month 13 	influx: 11	infected: 10
Land on rank  7, month 13 	influx: 17	infected: 17
Land on rank  9, month 13 	influx: 11	infected: 11
Land on rank 14, month 13 	influx: 15	infected: 14
Land on rank 10, month 13 	influx: 16	infected: 16
Land on rank  3, month 13 	influx: 18	infected: 18
Land on rank  4, month 13 	influx:  9	infected:  9

		    Timer report: month 14    
Land on rank  8, month 14 	influx:  2	infected:  2
Land on rank  9, month 14 	influx:  0	infected:  0
Land on rank 12, month 14 	influx:  1	infected:  1
Land on rank 15, month 14 	influx:  0	infected:  0
Land on rank 16, month 14 	influx:  4	infected:  4
Land on rank 17, month 14 	influx:  1	infected:  1
Land on rank 11, month 14 	influx:  0	infected:  0
Land on rank  6, month 14 	influx:  1	infected:  1
Land on rank  7, month 14 	influx:  2	infected:  2
Land on rank  3, month 14 	influx:  1	infected:  1
Land on rank 14, month 14 	influx:  3	infected:  3
Land on rank  5, month 14 	influx:  1	infected:  1
Land on rank 13, month 14 	influx:  1	infected:  1
Land on rank 10, month 14 	influx:  3	infected:  3
Land on rank  4, month 14 	influx:  0	infected:  0
Land on rank  2, month 14 	influx:  0	infected:  0

		    Timer report: month 15    
Land on rank  5, month 15 	influx:  0	infected:  0
Land on rank 15, month 15 	influx:  0	infected:  0
Land on rank 12, month 15 	influx:  0	infected:  0
Land on rank  2, month 15 	influx:  0	infected:  0
Land on rank  3, month 15 	influx:  0	infected:  0
Land on rank  8, month 15 	influx:  0	infected:  0
Land on rank  4, month 15 	influx:  0	infected:  0
Land on rank 11, month 15 	influx:  0	infected:  0
Land on rank 14, month 15 	influx:  0	infected:  0
Land on rank 17, month 15 	influx:  0	infected:  0
Land on rank  6, month 15 	influx:  0	infected:  0
Land on rank  7, month 15 	influx:  0	infected:  0
Land on rank  9, month 15 	influx:  0	infected:  0
Land on rank 10, month 15 	influx:  0	infected:  0
Land on rank 16, month 15 	influx:  0	infected:  0
Land on rank 13, month 15 	influx:  0	infected:  0

		    Timer report: month 16    
Land on rank  6, month 16 	influx:  0	infected:  0
Land on rank  8, month 16 	influx:  0	infected:  0
Land on rank 17, month 16 	influx:  0	infected:  0
Land on rank  7, month 16 	influx:  0	infected:  0
Land on rank 14, month 16 	influx:  0	infected:  0
Land on rank 12, month 16 	influx:  0	infected:  0
Land on rank 11, month 16 	influx:  0	infected:  0
Land on rank 16, month 16 	influx:  0	infected:  0
Land on rank 10, month 16 	influx:  0	infected:  0
Land on rank 13, month 16 	influx:  0	infected:  0
Land on rank 15, month 16 	influx:  0	infected:  0
Land on rank  2, month 16 	influx:  0	infected:  0
Land on rank  9, month 16 	influx:  0	infected:  0
Land on rank  3, month 16 	influx:  0	infected:  0
Land on rank  5, month 16 	influx:  0	infected:  0
Land on rank  4, month 16 	influx:  0	infected:  0

		    Timer report: month 17    
Land on rank  3, month 17 	influx:  0	infected:  0
Land on rank  5, month 17 	influx:  0	infected:  0
Land on rank  6, month 17 	influx:  0	infected:  0
Land on rank  7, month 17 	influx:  0	infected:  0
Land on rank 14, month 17 	influx:  0	infected:  0
Land on rank 10, month 17 	influx:  0	infected:  0
Land on rank  2, month 17 	influx:  0	infected:  0
Land on rank  9, month 17 	influx:  0	infected:  0
Land on rank 16, month 17 	influx:  0	infected:  0
Land on rank 12, month 17 	influx:  0	infected:  0
Land on rank 13, month 17 	influx:  0	infected:  0
Land on rank  8, month 17 	influx:  0	infected:  0
Land on rank 17, month 17 	influx:  0	infected:  0
Land on rank 11, month 17 	influx:  0	infected:  0
Land on rank 15, month 17 	influx:  0	infected:  0
Land on rank  4, month 17 	influx:  0	infected:  0

		    Timer report: month 18    
Land on rank  2, month 18 	influx:  0	infected:  0
Land on rank 14, month 18 	influx:  0	infected:  0
Land on rank  4, month 18 	influx:  0	infected:  0
Land on rank 11, month 18 	influx:  0	infected:  0
Land on rank 12, month 18 	influx:  0	infected:  0
Land on rank 13, month 18 	influx:  0	infected:  0
Land on rank 10, month 18 	influx:  0	infected:  0
Land on rank  5, month 18 	influx:  0	infected:  0
Land on rank  9, month 18 	influx:  0	infected:  0
Land on rank 16, month 18 	influx:  0	infected:  0
Land on rank  3, month 18 	influx:  0	infected:  0
Land on rank  7, month 18 	influx:  0	infected:  0
Land on rank 15, month 18 	influx:  0	infected:  0
Land on rank 17, month 18 	influx:  0	infected:  0
Land on rank  8, month 18 	influx:  0	infected:  0
Land on rank  6, month 18 	influx:  0	infected:  0

		    Timer report: month 19    
Land on rank  2, month 19 	influx:  0	infected:  0
Land on rank  4, month 19 	influx:  0	infected:  0
Land on rank  7, month 19 	influx:  0	infected:  0
Land on rank  8, month 19 	influx:  0	infected:  0
Land on rank 12, month 19 	influx:  0	infected:  0
Land on rank 13, month 19 	influx:  0	infected:  0
Land on rank 15, month 19 	influx:  0	infected:  0
Land on rank 10, month 19 	influx:  0	infected:  0
Land on rank 16, month 19 	influx:  0	infected:  0
Land on rank 17, month 19 	influx:  0	infected:  0
Land on rank  9, month 19 	influx:  0	infected:  0
Land on rank 14, month 19 	influx:  0	infected:  0
Land on rank 11, month 19 	influx:  0	infected:  0
Land on rank  6, month 19 	influx:  0	infected:  0
Land on rank  5, month 19 	influx:  0	infected:  0
Land on rank  3, month 19 	influx:  0	infected:  0

		    Timer report: month 20    
Land on rank  2, month 20 	influx:  0	infected:  0
Land on rank 13, month 20 	influx:  0	infected:  0
Land on rank 14, month 20 	influx:  0	infected:  0
Land on rank 15, month 20 	influx:  0	infected:  0
Land on rank 17, month 20 	influx:  0	infected:  0
Land on rank  8, month 20 	influx:  0	infected:  0
Land on rank  4, month 20 	influx:  0	infected:  0
Land on rank  7, month 20 	influx:  0	infected:  0
Land on rank  6, month 20 	influx:  0	infected:  0
Land on rank 16, month 20 	influx:  0	infected:  0
Land on rank  9, month 20 	influx:  0	infected:  0
Land on rank  3, month 20 	influx:  0	infected:  0
Land on rank 10, month 20 	influx:  0	infected:  0
Land on rank  5, month 20 	influx:  0	infected:  0
Land on rank 11, month 20 	influx:  0	infected:  0
Land on rank 12, month 20 	influx:  0	infected:  0
	FINISHED: Simulation Stoped. Population: 0
Parameters read
34	16	100	1	20
Simulation started
Initialise 34 🐿️
CTRL on 18 READY
Timer on 1 READY, simulation length: 20

		    Timer report: month  1    
Land on rank  2, month  1 	influx: 117	infected:  5
Land on rank  3, month  1 	influx: 106	infected:  0
Land on rank  4, month  1 	influx: 102	infected:  3
Land on rank  8, month  1 	influx: 120	infected:  4
Land on rank 10, month  1 	influx: 125	infected: 11
Land on rank 14, month  1 	influx: 95	infected:  0
Land on rank 15, month  1 	influx: 115	infected:  2
Land on rank 16, month  1 	influx: 116	infected:  2
Land on rank 12, month  1 	influx: 87	infected:  2
Land on rank 11, month  1 	influx: 112	infected:  2
Land on rank  7, month  1 	influx: 102	infected:  1
Land on rank  9, month  1 	influx: 127	infected:  4
Land on rank 13, month  1 	influx: 105	infected:  2
Land on rank  6, month  1 	influx: 92	infected:  0
Land on rank 17, month  1 	influx: 90	infected:  0
Land on rank  5, month  1 	influx: 111	infected:  3

		    Timer report: month  2    
Land on rank  5, month  2 	influx: 214	infected:  4
Land on rank  8, month  2 	influx: 228	infected:  5
Land on rank 11, month  2 	influx: 203	infected:  2
Land on rank 14, month  2 	influx: 190	infected:  1
Land on rank  2, month  2 	influx: 223	infected:  6
Land on rank 12, month  2 	influx: 195	infected:  3
Land on rank 13, month  2 	influx: 209	infected:  2
Land on rank  4, month  2 	influx: 206	infected:  3
Land on rank  6, month  2 	influx: 214	infected:  0
Land on rank  9, month  2 	influx: 243	infected:  6
Land on rank 16, month  2 	influx: 213	infected:  2
Land on rank 10, month  2 	influx: 228	infected: 12
Land on rank  3, month  2 	influx: 184	infected:  0
Land on rank 17, month  2 	influx: 180	infected:  0
Land on rank 15, month  2 	influx: 200	infected:  3
Land on rank  7, month  2 	influx: 186	infected:  4

		    Timer report: month  3    
Land on rank  2, month  3 	influx: 326	infected:  6
Land on rank  6, month  3 	influx: 324	infected:  0
Land on rank  7, month  3 	influx: 298	infected:  4
Land on rank 11, month  3 	influx: 296	infected:  2
Land on rank 13, month  3 	influx: 297	infected:  2
Land on rank 10, month  3 	influx: 319	infected: 12
Land on rank 17, month  3 	influx: 291	infected:  0
Land on rank  4, month  3 	influx: 305	infected:  3
Land on rank 12, month  3 	influx: 283	infected:  3
Land on rank  8, month  3 	influx: 312	infected:  5
Land on rank 15, month  3 	influx: 308	infected:  3
Land on rank  3, month  3 	influx: 282	infected:  0
Land on rank 14, month  3 	influx: 297	infected:  1
Land on rank  5, month  3 	influx: 320	infected:  4
Land on rank  9, month  3 	influx: 346	infected:  6
Land on rank 16, month  3 	influx: 319	infected:  2

		    Timer report: month  4    
Land on rank  6, month  4 	influx: 368	infected:  0
Land on rank  8, month  4 	influx: 333	infected:  1
Land on rank 12, month  4 	influx: 341	infected:  1
Land on rank 13, month  4 	influx: 335	infected:  0
Land on rank 15, month  4 	influx: 340	infected:  1
Land on rank  5, month  4 	influx: 341	infected:  1
Land on rank  7, month  4 	influx: 339	infected:  3
Land on rank 16, month  4 	influx: 349	infected:  0
Land on rank 14, month  4 	influx: 349	infected:  1
Land on rank 17, month  4 	influx: 339	infected:  0
Land on rank 11, month  4 	influx: 322	infected:  0
Land on rank  3, month  4 	influx: 314	infected:  0
Land on rank 10, month  4 	influx: 324	infected:  1
Land on rank  9, month  4 	influx: 351	infected:  2
Land on rank  4, month  4 	influx: 349	infected:  0
Land on rank  2, month  4 	influx: 345	infected:  1

		    Timer report: month  5    
Land on rank  2, month  5 	influx: 423	infected:  0
Land on rank  5, month  5 	influx: 411	infected:  0
Land on rank  6, month  5 	influx: 406	infected:  0
Land on rank  7, month  5 	influx: 421	infected:  0
Land on rank 10, month  5 	influx: 372	infected:  0
Land on rank 17, month  5 	influx: 404	infected:  0
Land on rank 16, month  5 	influx: 417	infected:  0
Land on rank 15, month  5 	influx: 400	infected:  0
Land on rank 11, month  5 	influx: 392	infected:  0
Land on rank  3, month  5 	influx: 412	infected:  0
Land on rank 14, month  5 	influx: 404	infected:  0
Land on rank  9, month  5 	influx: 418	infected:  0
Land on rank 13, month  5 	influx: 390	infected:  0
Land on rank 12, month  5 	influx: 389	infected:  0
Land on rank  8, month  5 	influx: 403	infected:  0
Land on rank  4, month  5 	influx: 408	infected:  0

		    Timer report: month  6    
Land on rank  2, month  6 	influx: 525	infected:  0
Land on rank 11, month  6 	influx: 515	infected:  0
Land on rank 12, month  6 	influx: 496	infected:  0
Land on rank 13, month  6 	influx: 495	infected:  0
Land on rank 10, month  6 	influx: 454	infected:  0
Land on rank  5, month  6 	influx: 506	infected:  0
Land on rank  7, month  6 	influx: 515	infected:  0
Land on rank 15, month  6 	influx: 491	infected:  0
Land on rank  3, month  6 	influx: 481	infected:  0
Land on rank  9, month  6 	influx: 547	infected:  0
Land on rank  6, month  6 	influx: 475	infected:  0
Land on rank 16, month  6 	influx: 506	infected:  0
Land on rank 17, month  6 	influx: 524	infected:  0
Land on rank  8, month  6 	influx: 493	infected:  0
Land on rank  4, month  6 	influx: 497	infected:  0
Land on rank 14, month  6 	influx: 498	infected:  0

		    Timer report: month  7    
Land on rank  7, month  7 	influx: 605	infected:  0
Land on rank  8, month  7 	influx: 601	infected:  0
Land on rank  9, month  7 	influx: 634	infected:  0
Land on rank 10, month  7 	influx: 540	infected:  0
Land on rank 12, month  7 	influx: 560	infected:  0
Land on rank 16, month  7 	influx: 567	infected:  0
Land on rank  2, month  7 	influx: 592	infected:  0
Land on rank  6, month  7 	influx: 528	infected:  0
Land on rank  4, month  7 	influx: 549	infected:  0
Land on rank 11, month  7 	influx: 571	infected:  0
Land on rank 15, month  7 	influx: 551	infected:  0
Land on rank  5, month  7 	influx: 580	infected:  0
Land on rank 17, month  7 	influx: 576	infected:  0
Land on rank  3, month  7 	influx: 562	infected:  0
Land on rank 13, month  7 	influx: 531	infected:  0
Land on rank 14, month  7 	influx: 591	infected:  0

		    Timer report: month  8    
Land on rank  9, month  8 	influx: 698	infected:  0
Land on rank 12, month  8 	influx: 653	infected:  0
Land on rank 13, month  8 	influx: 585	infected:  0
Land on rank 17, month  8 	influx: 668	infected:  0
Land on rank  6, month  8 	influx: 628	infected:  0
Land on rank 10, month  8 	influx: 629	infected:  0
Land on rank  4, month  8 	influx: 577	infected:  0
Land on rank 11, month  8 	influx: 638	infected:  0
Land on rank  7, month  8 	influx: 671	infected:  0
Land on rank  8, month  8 	influx: 654	infected:  0
Land on rank 14, month  8 	influx: 651	infected:  0
Land on rank 16, month  8 	influx: 645	infected:  0
Land on rank  2, month  8 	influx: 651	infected:  0
Land on rank  3, month  8 	influx: 627	infected:  0
Land on rank  5, month  8 	influx: 672	infected:  0
Land on rank 15, month  8 	influx: 645	infected:  0

		    Timer report: month  9    
Land on rank  4, month  9 	influx: 661	infected:  0
Land on rank  7, month  9 	influx: 729	infected:  0
Land on rank 13, month  9 	influx: 659	infected:  0
Land on rank 16, month  9 	influx: 702	infected:  0
Land on rank  2, month  9 	influx: 683	infected:  0
Land on rank  5, month  9 	influx: 729	infected:  0
Land on rank 12, month  9 	influx: 725	infected:  0
Land on rank  6, month  9 	influx: 685	infected:  0
Land on rank 14, month  9 	influx: 706	infected:  0
Land on rank 10, month  9 	influx: 713	infected:  0
Land on rank 11, month  9 	influx: 683	infected:  0
Land on rank  9, month  9 	influx: 699	infected:  0
Land on rank 15, month  9 	influx: 705	infected:  0
Land on rank  3, month  9 	influx: 715	infected:  0
Land on rank 17, month  9 	influx: 682	infected:  0
Land on rank  8, month  9 	influx: 720	infected:  0

		    Timer report: month 10    
Land on rank  6, month 10 	influx: 740	infected:  0
Land on rank  9, month 10 	influx: 747	infected:  0
Land on rank 11, month 10 	influx: 706	infected:  0
Land on rank 15, month 10 	influx: 739	infected:  0
Land on rank  4, month 10 	influx: 700	infected:  0
Land on rank  5, month 10 	influx: 758	infected:  0
Land on rank  8, month 10 	influx: 704	infected:  0
Land on rank 13, month 10 	influx: 734	infected:  0
Land on rank 10, month 10 	influx: 737	infected:  0
Land on rank  2, month 10 	influx: 716	infected:  0
Land on rank  3, month 10 	influx: 724	infected:  0
Land on rank  7, month 10 	influx: 745	infected:  0
Land on rank 14, month 10 	influx: 732	infected:  0
Land on rank 17, month 10 	influx: 739	infected:  0
Land on rank 16, month 10 	influx: 742	infected:  0
Land on rank 12, month 10 	influx: 742	infected:  0

		    Timer report: month 11    
Land on rank  5, month 11 	influx: 753	infected:  0
Land on rank  8, month 11 	influx: 716	infected:  0
Land on rank 17, month 11 	influx: 745	infected:  0
Land on rank 12, month 11 	influx: 742	infected:  0
Land on rank  6, month 11 	influx: 747	infected:  0
Land on rank  3, month 11 	influx: 730	infected:  0
Land on rank  4, month 11 	influx: 788	infected:  0
Land on rank 15, month 11 	influx: 736	infected:  0
Land on rank  7, month 11 	influx: 766	infected:  0
Land on rank  2, month 11 	influx: 709	infected:  0
Land on rank 14, month 11 	influx: 748	infected:  0
Land on rank 13, month 11 	influx: 802	infected:  0
Land on rank  9, month 11 	influx: 767	infected:  0
Land on rank 10, month 11 	influx: 771	infected:  0
Land on rank 11, month 11 	influx: 711	infected:  0
Land on rank 16, month 11 	influx: 763	infected:  0

		    Timer report: month 12    
Land on rank  2, month 12 	influx: 710	infected:  0
Land on rank  9, month 12 	influx: 768	infected:  0
Land on rank 11, month 12 	influx: 714	infected:  0
Land on rank 15, month 12 	influx: 728	infected:  0
Land on rank 16, month 12 	influx: 807	infected:  0
Land on rank 17, month 12 	influx: 766	infected:  0
Land on rank 14, month 12 	influx: 749	infected:  0
Land on rank  8, month 12 	influx: 731	infected:  0
Land on rank  3, month 12 	influx: 721	infected:  0
Land on rank  4, month 12 	influx: 760	infected:  0
Land on rank  7, month 12 	influx: 732	infected:  0
Land on rank 13, month 12 	influx: 793	infected:  0
Land on rank 12, month 12 	influx: 706	infected:  0
Land on rank 10, month 12 	influx: 744	infected:  0
Land on rank  6, month 12 	influx: 758	infected:  0
Land on rank  5, month 12 	influx: 742	infected:  0

		    Timer report: month 13    
Land on rank  2, month 13 	influx: 740	infected:  0
Land on rank  3, month 13 	influx: 792	infected:  0
Land on rank  9, month 13 	influx: 767	infected:  0
Land on rank  8, month 13 	influx: 777	infected:  0
Land on rank 14, month 13 	influx: 762	infected:  0
Land on rank 16, month 13 	influx: 843	infected:  0
Land on rank  7, month 13 	influx: 757	infected:  0
Land on rank 10, month 13 	influx: 811	infected:  0
Land on rank 13, month 13 	influx: 842	infected:  0
Land on rank 15, month 13 	influx: 774	infected:  0
Land on rank 17, month 13 	influx: 747	infected:  0
Land on rank 11, month 13 	influx: 756	infected:  0
Land on rank 12, month 13 	influx: 769	infected:  0
Land on rank  5, month 13 	influx: 813	infected:  0
Land on rank  6, month 13 	influx: 793	infected:  0
Land on rank  4, month 13 	influx: 815	infected:  0

		    Timer report: month 14    
Land on rank  8, month 14 	influx: 908	infected:  0
Land on rank  9, month 14 	influx: 828	infected:  0
Land on rank 10, month 14 	influx: 899	infected:  0
Land on rank 11, month 14 	influx: 848	infected:  0
Land on rank  4, month 14 	influx: 855	infected:  0
Land on rank 12, month 14 	influx: 841	infected:  0
Land on rank  2, month 14 	influx: 819	infected:  0
Land on rank 17, month 14 	influx: 832	infected:  0
Land on rank  3, month 14 	influx: 905	infected:  0
Land on rank 13, month 14 	influx: 896	infected:  0
Land on rank 16, month 14 	influx: 926	infected:  0
Land on rank  5, month 14 	influx: 892	infected:  0
Land on rank  7, month 14 	influx: 837	infected:  0
Land on rank 14, month 14 	influx: 842	infected:  0
Land on rank 15, month 14 	influx: 907	infected:  0
Land on rank  6, month 14 	influx: 881	infected:  0

ERROR: Simulation Stoped
Maximal allowed population reached: 100

		    Timer report: month 15    
Land on rank  3, month 15 	influx: 1011	infected:  0
Land on rank  5, month 15 	influx: 957	infected:  0
Land on rank 12, month 15 	influx: 920	infected:  0
Land on rank 16, month 15 	influx: 966	infected:  0
Land on rank 11, month 15 	influx: 904	infected:  0
Land on rank  6, month 15 	influx: 952	infected:  0
Land on rank  8, month 15 	influx: 962	infected:  0
Land on rank  7, month 15 	influx: 926	infected:  0
Land on rank 13, month 15 	influx: 972	infected:  0
Land on rank  2, month 15 	influx: 902	infected:  0
Land on rank 14, month 15 	influx: 921	infected:  0
Land on rank  4, month 15 	influx: 952	infected:  0
Land on rank 15, month 15 	influx: 954	infected:  0
Land on rank  9, month 15 	influx: 901	infected:  0
Land on rank 10, month 15 	influx: 1009	infected:  0
Land on rank 17, month 15 	influx: 889	infected:  0

		    Timer report: month 16    
Land on rank 10, month 16 	influx: 1064	infected:  0
Land on rank 11, month 16 	influx: 1027	infected:  0
Land on rank 15, month 16 	influx: 1009	infected:  0
Land on rank  2, month 16 	influx: 1017	infected:  0
Land on rank 16, month 16 	influx: 1057	infected:  0
Land on rank  4, month 16 	influx: 993	infected:  0
Land on rank 13, month 16 	influx: 1011	infected:  0
Land on rank 17, month 16 	influx: 984	infected:  0
Land on rank 14, month 16 	influx: 967	infected:  0
Land on rank  7, month 16 	influx: 1000	infected:  0
Land on rank  8, month 16 	influx: 1046	infected:  0
Land on rank  9, month 16 	influx: 1027	infected:  0
Land on rank  6, month 16 	influx: 1032	infected:  0
Land on rank  5, month 16 	influx: 1033	infected:  0
Land on rank  3, month 16 	influx: 1102	infected:  0
Land on rank 12, month 16 	influx: 963	infected:  0

ERROR: Simulation Stopped
If the simulation does not exit properly, use CTRL + C to terminate it.
Parameters read
34	16	100	1	20
Simulation started
Initialise 34 🐿️
Timer on 1 READY, simulation length: 20
CTRL on 18 READY

		    Timer report: month  1    
Land on rank  2, month  1 	influx: 112	infected:  6
Land on rank  4, month  1 	influx: 91	infected:  3
Land on rank  6, month  1 	influx: 88	infected:  0
Land on rank  8, month  1 	influx: 113	infected:  5
Land on rank 11, month  1 	influx: 105	infected:  2
Land on rank 14, month  1 	influx: 81	infected:  1
Land on rank 10, month  1 	influx: 114	infected: 12
Land on rank  3, month  1 	influx: 101	infected:  0
Land on rank  5, month  1 	influx: 99	infected:  4
Land on rank 17, month  1 	influx: 76	infected:  0
Land on rank 13, month  1 	influx: 100	infected:  2
Land on rank  7, month  1 	influx: 96	infected:  4
Land on rank 12, month  1 	influx: 80	infected:  3
Land on rank 16, month  1 	influx: 99	infected:  2
Land on rank  9, month  1 	influx: 121	infected:  6
Land on rank 15, month  1 	influx: 107	infected:  3

		    Timer report: month  2    
Land on rank  3, month  2 	influx: 184	infected:  0
Land on rank  4, month  2 	influx: 203	infected:  3
Land on rank  9, month  2 	influx: 252	infected:  6
Land on rank 11, month  2 	influx: 198	infected:  2
Land on rank 13, month  2 	influx: 206	infected:  2
Land on rank 15, month  2 	influx: 196	infected:  3
Land on rank 17, month  2 	influx: 188	infected:  0
Land on rank  7, month  2 	influx: 208	infected:  4
Land on rank 12, month  2 	influx: 175	infected:  3
Land on rank  5, month  2 	influx: 204	infected:  4
Land on rank 16, month  2 	influx: 217	infected:  2
Land on rank 10, month  2 	influx: 220	infected: 12
Land on rank 14, month  2 	influx: 182	infected:  1
Land on rank  2, month  2 	influx: 223	infected:  6
Land on rank  6, month  2 	influx: 201	infected:  0
Land on rank  8, month  2 	influx: 229	infected:  5

		    Timer report: month  3    
Land on rank  3, month  3 	influx: 306	infected:  1
Land on rank  4, month  3 	influx: 319	infected:  3
Land on rank 10, month  3 	influx: 332	infected: 14
Land on rank 12, month  3 	influx: 311	infected:  6
Land on rank 15, month  3 	influx: 305	infected:  4
Land on rank 17, month  3 	influx: 312	infected:  5
Land on rank  6, month  3 	influx: 330	infected:  1
Land on rank 14, month  3 	influx: 297	infected:  2
Land on rank  5, month  3 	influx: 334	infected:  7
Land on rank  7, month  3 	influx: 322	infected:  8
Land on rank  2, month  3 	influx: 338	infected:  7
Land on rank 16, month  3 	influx: 340	infected:  7
Land on rank  9, month  3 	influx: 358	infected:  7
Land on rank 11, month  3 	influx: 284	infected:  6
Land on rank 13, month  3 	influx: 317	infected:  5
Land on rank  8, month  3 	influx: 334	infected:  9

		    Timer report: month  4    
Land on rank  2, month  4 	influx: 376	infected:  3
Land on rank  3, month  4 	influx: 362	infected:  7
Land on rank  5, month  4 	influx: 370	infected:  6
Land on rank  7, month  4 	influx: 397	infected:  9
Land on rank 14, month  4 	influx: 358	infected:  5
Land on rank 13, month  4 	influx: 369	infected:  6
Land on rank  4, month  4 	influx: 374	infected:  3
Land on rank  8, month  4 	influx: 353	infected:  4
Land on rank 10, month  4 	influx: 353	infected:  3
Land on rank 16, month  4 	influx: 390	infected:  8
Land on rank 11, month  4 	influx: 338	infected:  4
Land on rank  9, month  4 	influx: 365	infected:  2
Land on rank  6, month  4 	influx: 406	infected:  5
Land on rank 12, month  4 	influx: 370	infected:  7
Land on rank 17, month  4 	influx: 390	infected: 11
Land on rank 15, month  4 	influx: 345	infected:  4

		    Timer report: month  5    
Land on rank  4, month  5 	influx: 428	infected:  6
Land on rank 13, month  5 	influx: 421	infected:  8
Land on rank  3, month  5 	influx: 455	infected:  9
Land on rank  7, month  5 	influx: 441	infected: 11
Land on rank 15, month  5 	influx: 436	infected: 11
Land on rank  6, month  5 	influx: 457	infected: 12
Land on rank 12, month  5 	influx: 475	infected: 12
Land on rank 17, month  5 	influx: 439	infected: 15
Land on rank  9, month  5 	influx: 438	infected:  6
Land on rank 16, month  5 	influx: 474	infected: 13
Land on rank  2, month  5 	influx: 444	infected:  8
Land on rank 10, month  5 	influx: 414	infected:  9
Land on rank 14, month  5 	influx: 425	infected:  7
Land on rank  8, month  5 	influx: 435	infected: 10
Land on rank 11, month  5 	influx: 425	infected:  6
Land on rank  5, month  5 	influx: 431	infected: 11

		    Timer report: month  6    
Land on rank  2, month  6 	influx: 555	infected: 18
Land on rank  3, month  6 	influx: 513	infected: 19
Land on rank  6, month  6 	influx: 532	infected: 18
Land on rank  9, month  6 	influx: 562	infected: 15
Land on rank 10, month  6 	influx: 497	infected: 15
Land on rank 12, month  6 	influx: 555	infected: 20
Land on rank 15, month  6 	influx: 533	infected: 20
Land on rank 16, month  6 	influx: 535	infected: 12
Land on rank 13, month  6 	influx: 488	infected: 16
Land on rank 17, month  6 	influx: 516	infected: 16
Land on rank  8, month  6 	influx: 496	infected: 14
Land on rank  7, month  6 	influx: 533	infected: 21
Land on rank 11, month  6 	influx: 500	infected:  7
Land on rank 14, month  6 	influx: 520	infected: 13
Land on rank  5, month  6 	influx: 480	infected: 16
Land on rank  4, month  6 	influx: 496	infected: 18

		    Timer report: month  7    
Land on rank  2, month  7 	influx: 613	infected: 56
Land on rank  6, month  7 	influx: 582	infected: 60
Land on rank  8, month  7 	influx: 563	infected: 50
Land on rank 10, month  7 	influx: 567	infected: 55
Land on rank 11, month  7 	influx: 553	infected: 45
Land on rank 12, month  7 	influx: 610	infected: 52
Land on rank 15, month  7 	influx: 577	infected: 50
Land on rank 16, month  7 	influx: 583	infected: 51
Land on rank 13, month  7 	influx: 522	infected: 45
Land on rank  4, month  7 	influx: 534	infected: 50
Land on rank  3, month  7 	influx: 544	infected: 56
Land on rank  7, month  7 	influx: 565	infected: 48
Land on rank  9, month  7 	influx: 626	infected: 32
Land on rank 17, month  7 	influx: 543	infected: 47
Land on rank  5, month  7 	influx: 522	infected: 34
Land on rank 14, month  7 	influx: 609	infected: 42

		    Timer report: month  8    
Land on rank  8, month  8 	influx: 529	infected: 87
Land on rank  9, month  8 	influx: 590	infected: 73
Land on rank 11, month  8 	influx: 557	infected: 102
Land on rank 14, month  8 	influx: 604	infected: 84
Land on rank 17, month  8 	influx: 564	infected: 93
Land on rank  2, month  8 	influx: 600	infected: 95
Land on rank 16, month  8 	influx: 564	infected: 90
Land on rank  4, month  8 	influx: 514	infected: 81
Land on rank 13, month  8 	influx: 549	infected: 92
Land on rank  5, month  8 	influx: 530	infected: 67
Land on rank  6, month  8 	influx: 587	infected: 95
Land on rank 15, month  8 	influx: 582	infected: 100
Land on rank 12, month  8 	influx: 590	infected: 106
Land on rank 10, month  8 	influx: 561	infected: 92
Land on rank  7, month  8 	influx: 600	infected: 100
Land on rank  3, month  8 	influx: 541	infected: 102

		    Timer report: month  9    
Land on rank  6, month  9 	influx: 530	infected: 170
Land on rank 12, month  9 	influx: 527	infected: 184
Land on rank 15, month  9 	influx: 510	infected: 178
Land on rank 16, month  9 	influx: 524	infected: 167
Land on rank 17, month  9 	influx: 506	infected: 159
Land on rank  5, month  9 	influx: 470	infected: 117
Land on rank 10, month  9 	influx: 499	infected: 159
Land on rank 11, month  9 	influx: 528	infected: 160
Land on rank 14, month  9 	influx: 533	infected: 157
Land on rank  3, month  9 	influx: 500	infected: 164
Land on rank  7, month  9 	influx: 526	infected: 156
Land on rank 13, month  9 	influx: 520	infected: 169
Land on rank  9, month  9 	influx: 500	infected: 144
Land on rank  2, month  9 	influx: 527	infected: 172
Land on rank  4, month  9 	influx: 453	infected: 133
Land on rank  8, month  9 	influx: 507	infected: 160

		    Timer report: month 10    
Land on rank  2, month 10 	influx: 385	infected: 184
Land on rank  3, month 10 	influx: 380	infected: 171
Land on rank  7, month 10 	influx: 390	infected: 172
Land on rank 17, month 10 	influx: 392	infected: 177
Land on rank  9, month 10 	influx: 384	infected: 182
Land on rank 12, month 10 	influx: 404	infected: 194
Land on rank 13, month 10 	influx: 398	infected: 184
Land on rank  5, month 10 	influx: 355	infected: 136
Land on rank  6, month 10 	influx: 371	infected: 162
Land on rank 15, month 10 	influx: 390	infected: 189
Land on rank 10, month 10 	influx: 376	infected: 168
Land on rank 14, month 10 	influx: 400	infected: 201
Land on rank 11, month 10 	influx: 377	infected: 168
Land on rank  4, month 10 	influx: 343	infected: 156
Land on rank 16, month 10 	influx: 401	infected: 166
Land on rank  8, month 10 	influx: 383	infected: 176

		    Timer report: month 11    
Land on rank  4, month 11 	influx: 232	infected: 156
Land on rank  5, month 11 	influx: 210	infected: 124
Land on rank  7, month 11 	influx: 227	infected: 141
Land on rank 15, month 11 	influx: 239	infected: 165
Land on rank 16, month 11 	influx: 255	infected: 157
Land on rank  9, month 11 	influx: 240	infected: 161
Land on rank 17, month 11 	influx: 247	infected: 161
Land on rank  3, month 11 	influx: 244	infected: 155
Land on rank 13, month 11 	influx: 243	infected: 163
Land on rank  8, month 11 	influx: 255	infected: 168
Land on rank 11, month 11 	influx: 222	infected: 136
Land on rank  6, month 11 	influx: 228	infected: 144
Land on rank 12, month 11 	influx: 246	infected: 152
Land on rank 14, month 11 	influx: 270	infected: 187
Land on rank 10, month 11 	influx: 247	infected: 149
Land on rank  2, month 11 	influx: 249	infected: 167

		    Timer report: month 12    
Land on rank  4, month 12 	influx: 115	infected: 98
Land on rank  6, month 12 	influx: 86	infected: 67
Land on rank  7, month 12 	influx: 103	infected: 79
Land on rank 10, month 12 	influx: 117	infected: 77
Land on rank 13, month 12 	influx: 108	infected: 88
Land on rank 17, month 12 	influx: 111	infected: 96
Land on rank  2, month 12 	influx: 107	infected: 88
Land on rank  3, month 12 	influx: 113	infected: 90
Land on rank  8, month 12 	influx: 119	infected: 93
Land on rank 11, month 12 	influx: 103	infected: 85
Land on rank 15, month 12 	influx: 114	infected: 86
Land on rank 16, month 12 	influx: 123	infected: 87
Land on rank  5, month 12 	influx: 96	infected: 71
Land on rank 12, month 12 	influx: 99	infected: 69
Land on rank  9, month 12 	influx: 106	infected: 86
Land on rank 14, month 12 	influx: 141	infected: 116

		    Timer report: month 13    
Land on rank  2, month 13 	influx: 43	infected: 38
Land on rank  6, month 13 	influx: 31	infected: 29
Land on rank  7, month 13 	influx: 36	infected: 31
Land on rank  8, month 13 	influx: 44	infected: 41
Land on rank  9, month 13 	influx: 30	infected: 30
Land on rank 14, month 13 	influx: 44	infected: 40
Land on rank 16, month 13 	influx: 49	infected: 46
Land on rank 13, month 13 	influx: 45	infected: 42
Land on rank  5, month 13 	influx: 35	infected: 32
Land on rank 12, month 13 	influx: 28	infected: 23
Land on rank  4, month 13 	influx: 41	infected: 40
Land on rank 10, month 13 	influx: 35	infected: 27
Land on rank 17, month 13 	influx: 45	infected: 42
Land on rank 15, month 13 	influx: 44	infected: 43
Land on rank  3, month 13 	influx: 47	infected: 42
Land on rank 11, month 13 	influx: 42	infected: 39

		    Timer report: month 14    
Land on rank  6, month 14 	influx:  5	infected:  5
Land on rank  9, month 14 	influx:  6	infected:  6
Land on rank 12, month 14 	influx:  6	infected:  6
Land on rank 17, month 14 	influx:  8	infected:  8
Land on rank  4, month 14 	influx:  6	infected:  6
Land on rank  2, month 14 	influx: 13	infected: 11
Land on rank  3, month 14 	influx: 10	infected: 10
Land on rank 13, month 14 	influx: 15	infected: 14
Land on rank 14, month 14 	influx: 11	infected: 10
Land on rank  8, month 14 	influx:  8	infected:  6
Land on rank 16, month 14 	influx: 12	infected: 11
Land on rank  7, month 14 	influx:  8	infected:  8
Land on rank  5, month 14 	influx:  6	infected:  6
Land on rank 10, month 14 	influx:  3	infected:  3
Land on rank 15, month 14 	influx: 10	infected: 10
Land on rank 11, month 14 	influx: 13	infected: 12

		    Timer report: month 15    
Land on rank  6, month 15 	influx:  0	infected:  0
Land on rank  8, month 15 	influx:  0	infected:  0
Land on rank 12, month 15 	influx:  0	infected:  0
Land on rank 15, month 15 	influx:  1	infected:  1
Land on rank 16, month 15 	influx:  0	infected:  0
Land on rank 13, month 15 	influx:  1	infected:  1
Land on rank 17, month 15 	influx:  1	infected:  1
Land on rank  4, month 15 	influx:  0	infected:  0
Land on rank 10, month 15 	influx:  0	infected:  0
Land on rank  3, month 15 	influx:  2	infected:  2
Land on rank  7, month 15 	influx:  0	infected:  0
Land on rank 14, month 15 	influx:  1	infected:  1
Land on rank  2, month 15 	influx:  2	infected:  2
Land on rank 11, month 15 	influx:  0	infected:  0
Land on rank  5, month 15 	influx:  1	infected:  1
Land on rank  9, month 15 	influx:  0	infected:  0

		    Timer report: month 16    
Land on rank  3, month 16 	influx:  0	infected:  0
Land on rank  6, month 16 	influx:  0	infected:  0
Land on rank 10, month 16 	influx:  0	infected:  0
Land on rank 14, month 16 	influx:  0	infected:  0
Land on rank 15, month 16 	influx:  0	infected:  0
Land on rank  9, month 16 	influx:  0	infected:  0
Land on rank 12, month 16 	influx:  0	infected:  0
Land on rank  2, month 16 	influx:  0	infected:  0
Land on rank 16, month 16 	influx:  0	infected:  0
Land on rank 17, month 16 	influx:  0	infected:  0
Land on rank  4, month 16 	influx:  0	infected:  0
Land on rank  5, month 16 	influx:  0	infected:  0
Land on rank 13, month 16 	influx:  0	infected:  0
Land on rank  7, month 16 	influx:  0	infected:  0
Land on rank 11, month 16 	influx:  0	infected:  0
Land on rank  8, month 16 	influx:  0	infected:  0

		    Timer report: month 17    
Land on rank  2, month 17 	influx:  0	infected:  0
Land on rank  4, month 17 	influx:  0	infected:  0
Land on rank  6, month 17 	influx:  0	infected:  0
Land on rank  8, month 17 	influx:  0	infected:  0
Land on rank 13, month 17 	influx:  0	infected:  0
Land on rank 14, month 17 	influx:  0	infected:  0
Land on rank 10, month 17 	influx:  0	infected:  0
Land on rank 17, month 17 	influx:  0	infected:  0
Land on rank  7, month 17 	influx:  0	infected:  0
Land on rank  9, month 17 	influx:  0	infected:  0
Land on rank 12, month 17 	influx:  0	infected:  0
Land on rank 16, month 17 	influx:  0	infected:  0
Land on rank 11, month 17 	influx:  0	infected:  0
Land on rank 15, month 17 	influx:  0	infected:  0
Land on rank  5, month 17 	influx:  0	infected:  0
Land on rank  3, month 17 	influx:  0	infected:  0

		    Timer report: month 18    
Land on rank 13, month 18 	influx:  0	infected:  0
Land on rank 17, month 18 	influx:  0	infected:  0
Land on rank 14, month 18 	influx:  0	infected:  0
Land on rank  3, month 18 	influx:  0	infected:  0
Land on rank  2, month 18 	influx:  0	infected:  0
Land on rank  7, month 18 	influx:  0	infected:  0
Land on rank 12, month 18 	influx:  0	infected:  0
Land on rank 10, month 18 	influx:  0	infected:  0
Land on rank  4, month 18 	influx:  0	infected:  0
Land on rank 16, month 18 	influx:  0	infected:  0
Land on rank  9, month 18 	influx:  0	infected:  0
Land on rank  6, month 18 	influx:  0	infected:  0
Land on rank 11, month 18 	influx:  0	infected:  0
Land on rank 15, month 18 	influx:  0	infected:  0
Land on rank  5, month 18 	influx:  0	infected:  0
Land on rank  8, month 18 	influx:  0	infected:  0

		    Timer report: month 19    
Land on rank  4, month 19 	influx:  0	infected:  0
Land on rank  7, month 19 	influx:  0	infected:  0
Land on rank  9, month 19 	influx:  0	infected:  0
Land on rank 10, month 19 	influx:  0	infected:  0
Land on rank  2, month 19 	influx:  0	infected:  0
Land on rank 14, month 19 	influx:  0	infected:  0
Land on rank 17, month 19 	influx:  0	infected:  0
Land on rank 11, month 19 	influx:  0	infected:  0
Land on rank  5, month 19 	influx:  0	infected:  0
Land on rank  8, month 19 	influx:  0	infected:  0
Land on rank 16, month 19 	influx:  0	infected:  0
Land on rank 15, month 19 	influx:  0	infected:  0
Land on rank 12, month 19 	influx:  0	infected:  0
Land on rank 13, month 19 	influx:  0	infected:  0
Land on rank  3, month 19 	influx:  0	infected:  0
Land on rank  6, month 19 	influx:  0	infected:  0

		    Timer report: month 20    
Land on rank  4, month 20 	influx:  0	infected:  0
Land on rank  5, month 20 	influx:  0	infected:  0
Land on rank  7, month 20 	influx:  0	infected:  0
Land on rank  9, month 20 	influx:  0	infected:  0
Land on rank 11, month 20 	influx:  0	infected:  0
Land on rank 13, month 20 	influx:  0	infected:  0
Land on rank 15, month 20 	influx:  0	infected:  0
Land on rank 16, month 20 	influx:  0	infected:  0
Land on rank 12, month 20 	influx:  0	infected:  0
Land on rank  2, month 20 	influx:  0	infected:  0
Land on rank  6, month 20 	influx:  0	infected:  0
Land on rank 14, month 20 	influx:  0	infected:  0
Land on rank 17, month 20 	influx:  0	infected:  0
Land on rank  3, month 20 	influx:  0	infected:  0
Land on rank  8, month 20 	influx:  0	infected:  0
Land on rank 10, month 20 	influx:  0	infected:  0
	FINISHED: Simulation Stoped. Population: 0
